{"ver":"3.2.3","display":"1920x1080","osver":"5.1","platform":2,"ad_status":1,"uid":10000,"act":1,"loading_time":480,"model":"huawei81","acttime":1767236665000,"net":3,"xaid":"ab25617-c38910-m0","brand":"huawei","vercode":"35100094"}
{"ver":"3.2.3","display":"1920x1080","goods_id":45684279942,"osver":"5.1","platform":2,"uid":10000,"act":3,"loading_time":290,"model":"huawei81","acttime":1767236665000,"net":3,"xaid":"ab25617-c38910-m0","brand":"huawei","vercode":"35100094","stay_time":1430}
{"ver":"3.2.3","display":"1920x1080","goods_id":100012372810,"osver":"5.1","platform":2,"uid":10000,"act":3,"loading_time":126,"model":"huawei81","acttime":1767236665000,"net":3,"xaid":"ab25617-c38910-m0","brand":"huawei","vercode":"35100094","stay_time":3934}
{"ver":"3.2.3","display":"1920x1080","osver":"5.1","platform":2,"uid":10000,"act":4,"loading_time":62,"goods_num":5,"model":"huawei81","acttime":1767236665000,"loading_type":1,"net":3,"xaid":"ab25617-c38910-m0","brand":"huawei","vercode":"35100094"}
{"ver":"3.2.7","display":"1280x768","osver":"7.1.1","platform":2,"ad_status":2,"uid":10001,"act":1,"loading_time":254,"model":"oppo21","acttime":1767232883000,"net":5,"xaid":"ab25617-c38910-m1","brand":"oppo","vercode":"35100091"}
{"ver":"3.2.7","display":"1280x768","osver":"7.1.1","platform":2,"ad_status":1,"uid":10001,"act":1,"loading_time":412,"model":"oppo21","acttime":1767232883000,"net":5,"xaid":"ab25617-c38910-m1","brand":"oppo","vercode":"35100091"}
{"ver":"3.2.7","display":"1280x768","osver":"7.1.1","platform":2,"ad_status":2,"uid":10001,"act":1,"loading_time":174,"model":"oppo21","acttime":1767232883000,"net":5,"xaid":"ab25617-c38910-m1","brand":"oppo","vercode":"35100091"}
{"ver":"3.2.7","display":"1280x768","goods_id":100011386554,"osver":"7.1.1","platform":2,"uid":10001,"act":3,"loading_time":263,"model":"oppo21","acttime":1767232883000,"net":5,"xaid":"ab25617-c38910-m1","brand":"oppo","vercode":"35100091","stay_time":3229}
{"uid":10002,"ver":"3.1.2","act":5,"display":"1280x768","model":"iPhone31","acttime":1767262167000,"net":3,"xaid":"ab25617-c38910-m2","brand":"iPhone","osver":"ios13","vercode":"3510007","platform":1}
{"ver":"3.1.2","display":"1280x768","osver":"ios13","platform":1,"ad_status":2,"uid":10002,"act":1,"loading_time":189,"model":"iPhone31","acttime":1767262167000,"net":3,"xaid":"ab25617-c38910-m2","brand":"iPhone","vercode":"3510007"}
{"uid":10002,"ver":"3.1.2","act":5,"display":"1280x768","model":"iPhone31","acttime":1767262167000,"net":3,"xaid":"ab25617-c38910-m2","brand":"iPhone","osver":"ios13","vercode":"3510007","platform":1}
{"ver":"3.1.2","display":"1280x768","goods_id":100013150076,"osver":"ios13","platform":1,"uid":10002,"act":3,"loading_time":841,"model":"iPhone31","acttime":1767262167000,"net":3,"xaid":"ab25617-c38910-m2","brand":"iPhone","vercode":"3510007","stay_time":4388}
{"ver":"3.2.2","display":"1280x800","osver":"5.1","platform":1,"ad_status":1,"uid":10003,"act":1,"loading_time":882,"model":"iPhone31","acttime":1767251000000,"net":3,"xaid":"ab25617-c38910-m3","brand":"iPhone","vercode":"35100022"}
{"ver":"3.2.2","display":"1280x800","goods_id":4523644,"osver":"5.1","platform":1,"uid":10003,"act":3,"loading_time":234,"model":"iPhone31","acttime":1767251000000,"net":3,"xaid":"ab25617-c38910-m3","brand":"iPhone","vercode":"35100022","stay_time":4546}
{"ver":"3.2.2","display":"1280x800","osver":"5.1","platform":1,"ad_status":2,"uid":10003,"act":1,"loading_time":592,"model":"iPhone31","acttime":1767251000000,"net":3,"xaid":"ab25617-c38910-m3","brand":"iPhone","vercode":"35100022"}
{"ver":"3.2.2","display":"1280x800","goods_id":100007250507,"osver":"5.1","platform":1,"uid":10003,"act":3,"loading_time":549,"model":"iPhone31","acttime":1767251000000,"net":3,"xaid":"ab25617-c38910-m3","brand":"iPhone","vercode":"35100022","stay_time":1066}
{"ver":"3.1.5","display":"1280x768","osver":"win10","platform":3,"ad_status":2,"uid":10004,"act":1,"loading_time":39,"model":"computer","acttime":1767265529000,"net":1,"xaid":"","brand":"computer","vercode":"3510003"}
{"uid":10004,"ver":"3.1.5","act":5,"display":"1280x768","model":"computer","acttime":1767265529000,"net":1,"xaid":"","brand":"computer","osver":"win10","vercode":"3510003","platform":3}
{"ver":"3.1.5","display":"1280x768","goods_id":100010633432,"osver":"win10","platform":3,"uid":10004,"act":3,"loading_time":793,"model":"computer","acttime":1767265529000,"net":1,"xaid":"","brand":"computer","vercode":"3510003","stay_time":2928}
{"uid":10004,"ver":"3.1.5","act":5,"display":"1280x768","model":"computer","acttime":1767265529000,"net":1,"xaid":"","brand":"computer","osver":"win10","vercode":"3510003","platform":3}
{"uid":10005,"ver":"3.3.3","act":5,"display":"1334x750","model":"oppo61","acttime":1767258024000,"net":1,"xaid":"ab25617-c38910-m5","brand":"oppo","osver":"6.0","vercode":"35100063","platform":1}
{"ver":"3.3.3","display":"1334x750","goods_id":6833426,"osver":"6.0","platform":1,"uid":10005,"act":2,"model":"oppo61","acttime":1767258024000,"location":0,"net":1,"xaid":"ab25617-c38910-m5","brand":"oppo","vercode":"35100063"}
{"ver":"3.3.3","display":"1334x750","goods_id":100006464724,"osver":"6.0","platform":1,"uid":10005,"act":3,"loading_time":499,"model":"oppo61","acttime":1767258024000,"net":1,"xaid":"ab25617-c38910-m5","brand":"oppo","vercode":"35100063","stay_time":5711}
{"ver":"3.3.3","display":"1334x750","osver":"6.0","platform":1,"ad_status":1,"uid":10005,"act":1,"loading_time":136,"model":"oppo61","acttime":1767258024000,"net":1,"xaid":"ab25617-c38910-m5","brand":"oppo","vercode":"35100063"}
{"ver":"3.4.2","display":"1334x750","goods_id":100005320968,"osver":"ios13","platform":1,"uid":10006,"act":3,"loading_time":878,"model":"xiaomi71","acttime":1767265227000,"net":3,"xaid":"ab25617-c38910-m6","brand":"xiaomi","vercode":"35100041","stay_time":455}
{"ver":"3.4.2","display":"1334x750","osver":"ios13","platform":1,"ad_status":2,"uid":10006,"act":1,"loading_time":171,"model":"xiaomi71","acttime":1767265227000,"net":3,"xaid":"ab25617-c38910-m6","brand":"xiaomi","vercode":"35100041"}
{"ver":"3.4.2","display":"1334x750","osver":"ios13","platform":1,"ad_status":2,"uid":10006,"act":1,"loading_time":816,"model":"xiaomi71","acttime":1767265227000,"net":3,"xaid":"ab25617-c38910-m6","brand":"xiaomi","vercode":"35100041"}
{"uid":10006,"ver":"3.4.2","act":5,"display":"1334x750","model":"xiaomi71","acttime":1767265227000,"net":3,"xaid":"ab25617-c38910-m6","brand":"xiaomi","osver":"ios13","vercode":"35100041","platform":1}
{"ver":"3.1.5","display":"1920x1080","goods_id":100011333796,"osver":"ios12","platform":2,"uid":10007,"act":2,"model":"iPhone31","acttime":1767240141000,"location":7,"net":0,"xaid":"ab25617-c38910-m7","brand":"iPhone","vercode":"35100075"}
{"ver":"3.1.5","display":"1920x1080","osver":"ios12","platform":2,"uid":10007,"act":4,"loading_time":913,"goods_num":5,"model":"iPhone31","acttime":1767240141000,"loading_type":1,"net":0,"xaid":"ab25617-c38910-m7","brand":"iPhone","vercode":"35100075"}
{"ver":"3.1.5","display":"1920x1080","goods_id":965011,"osver":"ios12","platform":2,"uid":10007,"act":3,"loading_time":59,"model":"iPhone31","acttime":1767240141000,"net":0,"xaid":"ab25617-c38910-m7","brand":"iPhone","vercode":"35100075","stay_time":5340}
{"ver":"3.1.5","display":"1920x1080","osver":"ios12","platform":2,"uid":10007,"act":4,"loading_time":530,"goods_num":9,"model":"iPhone31","acttime":1767240141000,"loading_type":2,"net":0,"xaid":"ab25617-c38910-m7","brand":"iPhone","vercode":"35100075"}
{"ver":"3.1.4","display":"1280x800","osver":"ios12","platform":2,"ad_status":2,"uid":10008,"act":1,"loading_time":466,"model":"iPhone31","acttime":1767247701000,"net":3,"xaid":"ab25617-c38910-m8","brand":"iPhone","vercode":"35100021"}
{"ver":"3.1.4","display":"1280x800","osver":"ios12","platform":2,"uid":10008,"act":4,"loading_time":82,"goods_num":14,"model":"iPhone31","acttime":1767247701000,"loading_type":1,"net":3,"xaid":"ab25617-c38910-m8","brand":"iPhone","vercode":"35100021"}
{"ver":"3.1.4","display":"1280x800","osver":"ios12","platform":2,"ad_status":1,"uid":10008,"act":1,"loading_time":731,"model":"iPhone31","acttime":1767247701000,"net":3,"xaid":"ab25617-c38910-m8","brand":"iPhone","vercode":"35100021"}
{"ver":"3.1.4","display":"1280x800","goods_id":100000109455,"osver":"ios12","platform":2,"uid":10008,"act":2,"model":"iPhone31","acttime":1767247701000,"location":8,"net":3,"xaid":"ab25617-c38910-m8","brand":"iPhone","vercode":"35100021"}
{"ver":"3.2.6","display":"1280x800","osver":"ios12","platform":1,"uid":10009,"act":4,"loading_time":586,"goods_num":12,"model":"iPhone61","acttime":1767233061000,"loading_type":1,"net":2,"xaid":"ab25617-c38910-m9","brand":"iPhone","vercode":"35100089"}
{"ver":"3.2.6","display":"1280x800","osver":"ios12","platform":1,"uid":10009,"act":4,"loading_time":139,"goods_num":6,"model":"iPhone61","acttime":1767233061000,"loading_type":1,"net":2,"xaid":"ab25617-c38910-m9","brand":"iPhone","vercode":"35100089"}
{"ver":"3.2.6","display":"1280x800","osver":"ios12","platform":1,"uid":10009,"act":4,"loading_time":881,"goods_num":9,"model":"iPhone61","acttime":1767233061000,"loading_type":2,"net":2,"xaid":"ab25617-c38910-m9","brand":"iPhone","vercode":"35100089"}
{"uid":10009,"ver":"3.2.6","act":5,"display":"1280x800","model":"iPhone61","acttime":1767233061000,"net":2,"xaid":"ab25617-c38910-m9","brand":"iPhone","osver":"ios12","vercode":"35100089","platform":1}
{"ver":"3.3.2","display":"1280x800","goods_id":100007045421,"osver":"6.0","platform":1,"uid":10010,"act":3,"loading_time":318,"model":"iPhone11","acttime":1767265586000,"net":3,"xaid":"ab25617-c38910-m10","brand":"iPhone","vercode":"35100020","stay_time":5683}
{"ver":"3.3.2","display":"1280x800","goods_id":27623655076,"osver":"6.0","platform":1,"uid":10010,"act":3,"loading_time":871,"model":"iPhone11","acttime":1767265586000,"net":3,"xaid":"ab25617-c38910-m10","brand":"iPhone","vercode":"35100020","stay_time":2637}
{"ver":"3.3.2","display":"1280x800","osver":"6.0","platform":1,"uid":10010,"act":4,"loading_time":69,"goods_num":14,"model":"iPhone11","acttime":1767265586000,"loading_type":2,"net":3,"xaid":"ab25617-c38910-m10","brand":"iPhone","vercode":"35100020"}
{"ver":"3.3.2","display":"1280x800","osver":"6.0","platform":1,"ad_status":2,"uid":10010,"act":1,"loading_time":573,"model":"iPhone11","acttime":1767265586000,"net":3,"xaid":"ab25617-c38910-m10","brand":"iPhone","vercode":"35100020"}
{"ver":"3.1.6","display":"1280x800","goods_id":54298716047,"osver":"ios12","platform":1,"uid":10011,"act":2,"model":"huawei01","acttime":1767261867000,"location":1,"net":5,"xaid":"ab25617-c38910-m11","brand":"huawei","vercode":"35100049"}
{"ver":"3.1.6","display":"1280x800","osver":"ios12","platform":1,"ad_status":2,"uid":10011,"act":1,"loading_time":490,"model":"huawei01","acttime":1767261867000,"net":5,"xaid":"ab25617-c38910-m11","brand":"huawei","vercode":"35100049"}
{"uid":10011,"ver":"3.1.6","act":5,"display":"1280x800","model":"huawei01","acttime":1767261867000,"net":5,"xaid":"ab25617-c38910-m11","brand":"huawei","osver":"ios12","vercode":"35100049","platform":1}
{"uid":10011,"ver":"3.1.6","act":5,"display":"1280x800","model":"huawei01","acttime":1767261867000,"net":5,"xaid":"ab25617-c38910-m11","brand":"huawei","osver":"ios12","vercode":"35100049","platform":1}
{"ver":"3.4.5","display":"1334x750","goods_id":44153922957,"osver":"win10","platform":3,"uid":10012,"act":2,"model":"computer","acttime":1767247580000,"location":8,"net":1,"xaid":"","brand":"computer","vercode":"35100048"}
{"ver":"3.4.5","display":"1334x750","goods_id":100006679327,"osver":"win10","platform":3,"uid":10012,"act":2,"model":"computer","acttime":1767247580000,"location":8,"net":1,"xaid":"","brand":"computer","vercode":"35100048"}
{"uid":10012,"ver":"3.4.5","act":5,"display":"1334x750","model":"computer","acttime":1767247580000,"net":1,"xaid":"","brand":"computer","osver":"win10","vercode":"35100048","platform":3}
{"ver":"3.4.5","display":"1334x750","goods_id":100005094380,"osver":"win10","platform":3,"uid":10012,"act":2,"model":"computer","acttime":1767247580000,"location":8,"net":1,"xaid":"","brand":"computer","vercode":"35100048"}
{"ver":"3.3.5","display":"1280x768","osver":"5.1","platform":2,"ad_status":1,"uid":10013,"act":1,"loading_time":766,"model":"xiaomi41","acttime":1767243626000,"net":4,"xaid":"ab25617-c38910-m13","brand":"xiaomi","vercode":"35100090"}
{"ver":"3.3.5","display":"1280x768","goods_id":100013273402,"osver":"5.1","platform":2,"uid":10013,"act":2,"model":"xiaomi41","acttime":1767243626000,"location":2,"net":4,"xaid":"ab25617-c38910-m13","brand":"xiaomi","vercode":"35100090"}
{"ver":"3.3.5","display":"1280x768","goods_id":6305258,"osver":"5.1","platform":2,"uid":10013,"act":3,"loading_time":548,"model":"xiaomi41","acttime":1767243626000,"net":4,"xaid":"ab25617-c38910-m13","brand":"xiaomi","vercode":"35100090","stay_time":3807}
{"ver":"3.3.5","display":"1280x768","osver":"5.1","platform":2,"ad_status":1,"uid":10013,"act":1,"loading_time":171,"model":"xiaomi41","acttime":1767243626000,"net":4,"xaid":"ab25617-c38910-m13","brand":"xiaomi","vercode":"35100090"}
{"ver":"3.2.1","display":"1920x1080","osver":"6.0","platform":2,"ad_status":1,"uid":10014,"act":1,"loading_time":214,"model":"oppo11","acttime":1767265520000,"net":0,"xaid":"ab25617-c38910-m14","brand":"oppo","vercode":"35100048"}
{"ver":"3.2.1","display":"1920x1080","osver":"6.0","platform":2,"uid":10014,"act":4,"loading_time":685,"goods_num":12,"model":"oppo11","acttime":1767265520000,"loading_type":2,"net":0,"xaid":"ab25617-c38910-m14","brand":"oppo","vercode":"35100048"}
{"uid":10014,"ver":"3.2.1","act":5,"display":"1920x1080","model":"oppo11","acttime":1767265520000,"net":0,"xaid":"ab25617-c38910-m14","brand":"oppo","osver":"6.0","vercode":"35100048","platform":2}
{"uid":10014,"ver":"3.2.1","act":5,"display":"1920x1080","model":"oppo11","acttime":1767265520000,"net":0,"xaid":"ab25617-c38910-m14","brand":"oppo","osver":"6.0","vercode":"35100048","platform":2}
{"ver":"3.3.4","display":"1920x1080","goods_id":45684279942,"osver":"7.1.1","platform":1,"uid":10015,"act":3,"loading_time":849,"model":"oppo61","acttime":1767236962000,"net":4,"xaid":"ab25617-c38910-m15","brand":"oppo","vercode":"35100070","stay_time":2187}
{"uid":10015,"ver":"3.3.4","act":5,"display":"1920x1080","model":"oppo61","acttime":1767236962000,"net":4,"xaid":"ab25617-c38910-m15","brand":"oppo","osver":"7.1.1","vercode":"35100070","platform":1}
{"ver":"3.3.4","display":"1920x1080","osver":"7.1.1","platform":1,"ad_status":2,"uid":10015,"act":1,"loading_time":736,"model":"oppo61","acttime":1767236962000,"net":4,"xaid":"ab25617-c38910-m15","brand":"oppo","vercode":"35100070"}
{"ver":"3.3.4","display":"1920x1080","osver":"7.1.1","platform":1,"uid":10015,"act":4,"loading_time":370,"goods_num":9,"model":"oppo61","acttime":1767236962000,"loading_type":2,"net":4,"xaid":"ab25617-c38910-m15","brand":"oppo","vercode":"35100070"}
{"ver":"3.0.1","display":"1280x768","goods_id":40904576338,"osver":"7.1.1","platform":1,"uid":10016,"act":3,"loading_time":0,"model":"iPhone81","acttime":1767240326000,"net":5,"xaid":"ab25617-c38910-m16","brand":"iPhone","vercode":"3510005","stay_time":4228}
{"ver":"3.0.1","display":"1280x768","goods_id":100011558420,"osver":"7.1.1","platform":1,"uid":10016,"act":3,"loading_time":725,"model":"iPhone81","acttime":1767240326000,"net":5,"xaid":"ab25617-c38910-m16","brand":"iPhone","vercode":"3510005","stay_time":677}
{"ver":"3.0.1","display":"1280x768","osver":"7.1.1","platform":1,"uid":10016,"act":4,"loading_time":925,"goods_num":8,"model":"iPhone81","acttime":1767240326000,"loading_type":2,"net":5,"xaid":"ab25617-c38910-m16","brand":"iPhone","vercode":"3510005"}
{"ver":"3.0.1","display":"1280x768","osver":"7.1.1","platform":1,"uid":10016,"act":4,"loading_time":580,"goods_num":10,"model":"iPhone81","acttime":1767240326000,"loading_type":1,"net":5,"xaid":"ab25617-c38910-m16","brand":"iPhone","vercode":"3510005"}
{"ver":"3.4.1","display":"1280x768","osver":"6.0","platform":1,"uid":10017,"act":4,"loading_time":794,"goods_num":11,"model":"oppo81","acttime":1767240449000,"loading_type":1,"net":0,"xaid":"ab25617-c38910-m17","brand":"oppo","vercode":"35100085"}
{"ver":"3.4.1","display":"1280x768","goods_id":100007337991,"osver":"6.0","platform":1,"uid":10017,"act":3,"loading_time":769,"model":"oppo81","acttime":1767240449000,"net":0,"xaid":"ab25617-c38910-m17","brand":"oppo","vercode":"35100085","stay_time":1406}
{"uid":10017,"ver":"3.4.1","act":5,"display":"1280x768","model":"oppo81","acttime":1767240449000,"net":0,"xaid":"ab25617-c38910-m17","brand":"oppo","osver":"6.0","vercode":"35100085","platform":1}
{"uid":10017,"ver":"3.4.1","act":5,"display":"1280x768","model":"oppo81","acttime":1767240449000,"net":0,"xaid":"ab25617-c38910-m17","brand":"oppo","osver":"6.0","vercode":"35100085","platform":1}
{"ver":"3.2.6","display":"1280x800","goods_id":65672196388,"osver":"ios13","platform":1,"uid":10018,"act":2,"model":"xiaomi01","acttime":1767240445000,"location":3,"net":4,"xaid":"ab25617-c38910-m18","brand":"xiaomi","vercode":"35100050"}
{"ver":"3.2.6","display":"1280x800","osver":"ios13","platform":1,"uid":10018,"act":4,"loading_time":709,"goods_num":8,"model":"xiaomi01","acttime":1767240445000,"loading_type":1,"net":4,"xaid":"ab25617-c38910-m18","brand":"xiaomi","vercode":"35100050"}
{"uid":10018,"ver":"3.2.6","act":5,"display":"1280x800","model":"xiaomi01","acttime":1767240445000,"net":4,"xaid":"ab25617-c38910-m18","brand":"xiaomi","osver":"ios13","vercode":"35100050","platform":1}
{"uid":10018,"ver":"3.2.6","act":5,"display":"1280x800","model":"xiaomi01","acttime":1767240445000,"net":4,"xaid":"ab25617-c38910-m18","brand":"xiaomi","osver":"ios13","vercode":"35100050","platform":1}
{"ver":"3.2.7","display":"1920x1080","osver":"5.1","platform":1,"uid":10019,"act":4,"loading_time":655,"goods_num":7,"model":"iPhone21","acttime":1767258261000,"loading_type":1,"net":1,"xaid":"ab25617-c38910-m19","brand":"iPhone","vercode":"35100074"}
{"ver":"3.2.7","display":"1920x1080","goods_id":100008350186,"osver":"5.1","platform":1,"uid":10019,"act":3,"loading_time":331,"model":"iPhone21","acttime":1767258261000,"net":1,"xaid":"ab25617-c38910-m19","brand":"iPhone","vercode":"35100074","stay_time":2689}
{"uid":10019,"ver":"3.2.7","act":5,"display":"1920x1080","model":"iPhone21","acttime":1767258261000,"net":1,"xaid":"ab25617-c38910-m19","brand":"iPhone","osver":"5.1","vercode":"35100074","platform":1}
{"ver":"3.2.7","display":"1920x1080","osver":"5.1","platform":1,"ad_status":2,"uid":10019,"act":1,"loading_time":393,"model":"iPhone21","acttime":1767258261000,"net":1,"xaid":"ab25617-c38910-m19","brand":"iPhone","vercode":"35100074"}
{"uid":10020,"ver":"3.2.6","act":5,"display":"1280x800","model":"computer","acttime":1767236547000,"net":1,"xaid":"","brand":"computer","osver":"win10","vercode":"35100056","platform":3}
{"ver":"3.2.6","display":"1280x800","osver":"win10","platform":3,"ad_status":2,"uid":10020,"act":1,"loading_time":216,"model":"computer","acttime":1767236547000,"net":1,"xaid":"","brand":"computer","vercode":"35100056"}
{"ver":"3.2.6","display":"1280x800","osver":"win10","platform":3,"ad_status":1,"uid":10020,"act":1,"loading_time":66,"model":"computer","acttime":1767236547000,"net":1,"xaid":"","brand":"computer","vercode":"35100056"}
{"ver":"3.2.6","display":"1280x800","osver":"win10","platform":3,"uid":10020,"act":4,"loading_time":3,"goods_num":7,"model":"computer","acttime":1767236547000,"loading_type":1,"net":1,"xaid":"","brand":"computer","vercode":"35100056"}
{"ver":"3.1.3","display":"1280x768","osver":"win10","platform":3,"uid":10021,"act":4,"loading_time":417,"goods_num":11,"model":"computer","acttime":1767265585000,"loading_type":2,"net":1,"xaid":"","brand":"computer","vercode":"35100045"}
{"uid":10021,"ver":"3.1.3","act":5,"display":"1280x768","model":"computer","acttime":1767265585000,"net":1,"xaid":"","brand":"computer","osver":"win10","vercode":"35100045","platform":3}
{"ver":"3.1.3","display":"1280x768","osver":"win10","platform":3,"ad_status":1,"uid":10021,"act":1,"loading_time":102,"model":"computer","acttime":1767265585000,"net":1,"xaid":"","brand":"computer","vercode":"35100045"}
{"ver":"3.1.3","display":"1280x768","osver":"win10","platform":3,"ad_status":2,"uid":10021,"act":1,"loading_time":417,"model":"computer","acttime":1767265585000,"net":1,"xaid":"","brand":"computer","vercode":"35100045"}
{"ver":"3.4.4","display":"1280x768","goods_id":100011833542,"osver":"7.1.1","platform":2,"uid":10022,"act":3,"loading_time":123,"model":"oppo01","acttime":1767236785000,"net":3,"xaid":"ab25617-c38910-m22","brand":"oppo","vercode":"3510005","stay_time":3320}
{"ver":"3.4.4","display":"1280x768","goods_id":100006728065,"osver":"7.1.1","platform":2,"uid":10022,"act":3,"loading_time":211,"model":"oppo01","acttime":1767236785000,"net":3,"xaid":"ab25617-c38910-m22","brand":"oppo","vercode":"3510005","stay_time":887}
{"ver":"3.4.4","display":"1280x768","osver":"7.1.1","platform":2,"uid":10022,"act":4,"loading_time":480,"goods_num":7,"model":"oppo01","acttime":1767236785000,"loading_type":1,"net":3,"xaid":"ab25617-c38910-m22","brand":"oppo","vercode":"3510005"}
{"ver":"3.4.4","display":"1280x768","osver":"7.1.1","platform":2,"ad_status":2,"uid":10022,"act":1,"loading_time":994,"model":"oppo01","acttime":1767236785000,"net":3,"xaid":"ab25617-c38910-m22","brand":"oppo","vercode":"3510005"}
{"ver":"3.1.8","display":"1920x1080","osver":"6.0","platform":1,"ad_status":1,"uid":10023,"act":1,"loading_time":495,"model":"xiaomi61","acttime":1767261981000,"net":5,"xaid":"ab25617-c38910-m23","brand":"xiaomi","vercode":"35100059"}
{"ver":"3.1.8","display":"1920x1080","goods_id":5207052,"osver":"6.0","platform":1,"uid":10023,"act":3,"loading_time":572,"model":"xiaomi61","acttime":1767261981000,"net":5,"xaid":"ab25617-c38910-m23","brand":"xiaomi","vercode":"35100059","stay_time":2713}
{"ver":"3.1.8","display":"1920x1080","goods_id":100012445096,"osver":"6.0","platform":1,"uid":10023,"act":2,"model":"xiaomi61","acttime":1767261981000,"location":8,"net":5,"xaid":"ab25617-c38910-m23","brand":"xiaomi","vercode":"35100059"}
{"uid":10023,"ver":"3.1.8","act":5,"display":"1920x1080","model":"xiaomi61","acttime":1767261981000,"net":5,"xaid":"ab25617-c38910-m23","brand":"xiaomi","osver":"6.0","vercode":"35100059","platform":1}
{"ver":"3.2.3","display":"1280x768","osver":"7.1.1","platform":1,"ad_status":2,"uid":10024,"act":1,"loading_time":484,"model":"xiaomi51","acttime":1767247281000,"net":0,"xaid":"ab25617-c38910-m24","brand":"xiaomi","vercode":"35100077"}
{"ver":"3.2.3","display":"1280x768","osver":"7.1.1","platform":1,"uid":10024,"act":4,"loading_time":428,"goods_num":12,"model":"xiaomi51","acttime":1767247281000,"loading_type":1,"net":0,"xaid":"ab25617-c38910-m24","brand":"xiaomi","vercode":"35100077"}
{"ver":"3.2.3","display":"1280x768","osver":"7.1.1","platform":1,"uid":10024,"act":4,"loading_time":63,"goods_num":14,"model":"xiaomi51","acttime":1767247281000,"loading_type":2,"net":0,"xaid":"ab25617-c38910-m24","brand":"xiaomi","vercode":"35100077"}
{"ver":"3.2.3","display":"1280x768","osver":"7.1.1","platform":1,"ad_status":1,"uid":10024,"act":1,"loading_time":315,"model":"xiaomi51","acttime":1767247281000,"net":0,"xaid":"ab25617-c38910-m24","brand":"xiaomi","vercode":"35100077"}
{"ver":"3.1.4","display":"1334x750","osver":"ios13","platform":1,"uid":10025,"act":4,"loading_time":8,"goods_num":11,"model":"iPhone61","acttime":1767240321000,"loading_type":2,"net":3,"xaid":"ab25617-c38910-m25","brand":"iPhone","vercode":"3510005"}
{"ver":"3.1.4","display":"1334x750","goods_id":100009289576,"osver":"ios13","platform":1,"uid":10025,"act":3,"loading_time":664,"model":"iPhone61","acttime":1767240321000,"net":3,"xaid":"ab25617-c38910-m25","brand":"iPhone","vercode":"3510005","stay_time":5495}
{"ver":"3.1.4","display":"1334x750","goods_id":100006442384,"osver":"ios13","platform":1,"uid":10025,"act":2,"model":"iPhone61","acttime":1767240321000,"location":5,"net":3,"xaid":"ab25617-c38910-m25","brand":"iPhone","vercode":"3510005"}
{"ver":"3.1.4","display":"1334x750","osver":"ios13","platform":1,"ad_status":1,"uid":10025,"act":1,"loading_time":46,"model":"iPhone61","acttime":1767240321000,"net":3,"xaid":"ab25617-c38910-m25","brand":"iPhone","vercode":"3510005"}
{"ver":"3.2.5","display":"1280x768","osver":"ios12","platform":2,"ad_status":1,"uid":10026,"act":1,"loading_time":452,"model":"oppo01","acttime":1767243740000,"net":2,"xaid":"ab25617-c38910-m26","brand":"oppo","vercode":"35100083"}
{"ver":"3.2.5","display":"1280x768","goods_id":100008348554,"osver":"ios12","platform":2,"uid":10026,"act":3,"loading_time":330,"model":"oppo01","acttime":1767243740000,"net":2,"xaid":"ab25617-c38910-m26","brand":"oppo","vercode":"35100083","stay_time":5901}
{"ver":"3.2.5","display":"1280x768","osver":"ios12","platform":2,"uid":10026,"act":4,"loading_time":419,"goods_num":13,"model":"oppo01","acttime":1767243740000,"loading_type":1,"net":2,"xaid":"ab25617-c38910-m26","brand":"oppo","vercode":"35100083"}
{"ver":"3.2.5","display":"1280x768","goods_id":4083883,"osver":"ios12","platform":2,"uid":10026,"act":2,"model":"oppo01","acttime":1767243740000,"location":7,"net":2,"xaid":"ab25617-c38910-m26","brand":"oppo","vercode":"35100083"}
{"ver":"3.4.6","display":"1334x750","osver":"6.0","platform":2,"ad_status":1,"uid":10027,"act":1,"loading_time":982,"model":"iPhone81","acttime":1767254964000,"net":2,"xaid":"ab25617-c38910-m27","brand":"iPhone","vercode":"3510004"}
{"ver":"3.4.6","display":"1334x750","goods_id":100005929301,"osver":"6.0","platform":2,"uid":10027,"act":3,"loading_time":700,"model":"iPhone81","acttime":1767254964000,"net":2,"xaid":"ab25617-c38910-m27","brand":"iPhone","vercode":"3510004","stay_time":5734}
{"ver":"3.4.6","display":"1334x750","osver":"6.0","platform":2,"uid":10027,"act":4,"loading_time":814,"goods_num":5,"model":"iPhone81","acttime":1767254964000,"loading_type":1,"net":2,"xaid":"ab25617-c38910-m27","brand":"iPhone","vercode":"3510004"}
{"ver":"3.4.6","display":"1334x750","osver":"6.0","platform":2,"ad_status":2,"uid":10027,"act":1,"loading_time":28,"model":"iPhone81","acttime":1767254964000,"net":2,"xaid":"ab25617-c38910-m27","brand":"iPhone","vercode":"3510004"}
{"ver":"3.0.6","display":"1920x1080","goods_id":2147347,"osver":"5.1","platform":1,"uid":10028,"act":2,"model":"iPhone41","acttime":1767261745000,"location":6,"net":0,"xaid":"ab25617-c38910-m28","brand":"iPhone","vercode":"3510003"}
{"uid":10028,"ver":"3.0.6","act":5,"display":"1920x1080","model":"iPhone41","acttime":1767261745000,"net":0,"xaid":"ab25617-c38910-m28","brand":"iPhone","osver":"5.1","vercode":"3510003","platform":1}
{"ver":"3.0.6","display":"1920x1080","goods_id":100006254938,"osver":"5.1","platform":1,"uid":10028,"act":3,"loading_time":142,"model":"iPhone41","acttime":1767261745000,"net":0,"xaid":"ab25617-c38910-m28","brand":"iPhone","vercode":"3510003","stay_time":5099}
{"ver":"3.0.6","display":"1920x1080","goods_id":3595303,"osver":"5.1","platform":1,"uid":10028,"act":3,"loading_time":870,"model":"iPhone41","acttime":1767261745000,"net":0,"xaid":"ab25617-c38910-m28","brand":"iPhone","vercode":"3510003","stay_time":1791}
{"ver":"3.2.8","display":"1280x800","osver":"5.1","platform":2,"uid":10029,"act":4,"loading_time":747,"goods_num":5,"model":"iPhone31","acttime":1767236425000,"loading_type":2,"net":3,"xaid":"ab25617-c38910-m29","brand":"iPhone","vercode":"35100029"}
{"ver":"3.2.8","display":"1280x800","goods_id":41501669712,"osver":"5.1","platform":2,"uid":10029,"act":3,"loading_time":550,"model":"iPhone31","acttime":1767236425000,"net":3,"xaid":"ab25617-c38910-m29","brand":"iPhone","vercode":"35100029","stay_time":1808}
{"ver":"3.2.8","display":"1280x800","osver":"5.1","platform":2,"uid":10029,"act":4,"loading_time":841,"goods_num":11,"model":"iPhone31","acttime":1767236425000,"loading_type":2,"net":3,"xaid":"ab25617-c38910-m29","brand":"iPhone","vercode":"35100029"}
{"ver":"3.2.8","display":"1280x800","osver":"5.1","platform":2,"ad_status":1,"uid":10029,"act":1,"loading_time":2,"model":"iPhone31","acttime":1767236425000,"net":3,"xaid":"ab25617-c38910-m29","brand":"iPhone","vercode":"35100029"}
{"uid":10030,"ver":"3.2.3","act":5,"display":"1334x750","model":"computer","acttime":1767265280000,"net":1,"xaid":"","brand":"computer","osver":"win10","vercode":"35100044","platform":3}
{"uid":10030,"ver":"3.2.3","act":5,"display":"1334x750","model":"computer","acttime":1767265280000,"net":1,"xaid":"","brand":"computer","osver":"win10","vercode":"35100044","platform":3}
{"ver":"3.2.3","display":"1334x750","osver":"win10","platform":3,"uid":10030,"act":4,"loading_time":283,"goods_num":10,"model":"computer","acttime":1767265280000,"loading_type":1,"net":1,"xaid":"","brand":"computer","vercode":"35100044"}
{"ver":"3.2.3","display":"1334x750","osver":"win10","platform":3,"ad_status":1,"uid":10030,"act":1,"loading_time":509,"model":"computer","acttime":1767265280000,"net":1,"xaid":"","brand":"computer","vercode":"35100044"}
{"ver":"3.4.3","display":"1280x800","goods_id":66206625923,"osver":"win10","platform":3,"uid":10031,"act":3,"loading_time":929,"model":"computer","acttime":1767254549000,"net":1,"xaid":"","brand":"computer","vercode":"35100075","stay_time":2261}
{"ver":"3.4.3","display":"1280x800","goods_id":16274291808,"osver":"win10","platform":3,"uid":10031,"act":2,"model":"computer","acttime":1767254549000,"location":9,"net":1,"xaid":"","brand":"computer","vercode":"35100075"}
{"ver":"3.4.3","display":"1280x800","osver":"win10","platform":3,"uid":10031,"act":4,"loading_time":123,"goods_num":8,"model":"computer","acttime":1767254549000,"loading_type":1,"net":1,"xaid":"","brand":"computer","vercode":"35100075"}
{"ver":"3.4.3","display":"1280x800","goods_id":100013406826,"osver":"win10","platform":3,"uid":10031,"act":2,"model":"computer","acttime":1767254549000,"location":5,"net":1,"xaid":"","brand":"computer","vercode":"35100075"}
{"ver":"3.0.3","display":"1920x1080","goods_id":60992680372,"osver":"ios12","platform":1,"uid":10032,"act":3,"loading_time":387,"model":"xiaomi11","acttime":1767236967000,"net":3,"xaid":"ab25617-c38910-m32","brand":"xiaomi","vercode":"35100096","stay_time":1876}
{"uid":10032,"ver":"3.0.3","act":5,"display":"1920x1080","model":"xiaomi11","acttime":1767236967000,"net":3,"xaid":"ab25617-c38910-m32","brand":"xiaomi","osver":"ios12","vercode":"35100096","platform":1}
{"ver":"3.0.3","display":"1920x1080","goods_id":1875992,"osver":"ios12","platform":1,"uid":10032,"act":2,"model":"xiaomi11","acttime":1767236967000,"location":4,"net":3,"xaid":"ab25617-c38910-m32","brand":"xiaomi","vercode":"35100096"}
{"ver":"3.0.3","display":"1920x1080","osver":"ios12","platform":1,"uid":10032,"act":4,"loading_time":271,"goods_num":5,"model":"xiaomi11","acttime":1767236967000,"loading_type":1,"net":3,"xaid":"ab25617-c38910-m32","brand":"xiaomi","vercode":"35100096"}
{"ver":"3.2.0","display":"1920x1080","osver":"6.0","platform":1,"uid":10033,"act":4,"loading_time":216,"goods_num":12,"model":"oppo01","acttime":1767243929000,"loading_type":2,"net":0,"xaid":"ab25617-c38910-m33","brand":"oppo","vercode":"35100026"}
{"uid":10033,"ver":"3.2.0","act":5,"display":"1920x1080","model":"oppo01","acttime":1767243929000,"net":0,"xaid":"ab25617-c38910-m33","brand":"oppo","osver":"6.0","vercode":"35100026","platform":1}
{"ver":"3.2.0","display":"1920x1080","osver":"6.0","platform":1,"uid":10033,"act":4,"loading_time":869,"goods_num":12,"model":"oppo01","acttime":1767243929000,"loading_type":1,"net":0,"xaid":"ab25617-c38910-m33","brand":"oppo","vercode":"35100026"}
{"ver":"3.2.0","display":"1920x1080","osver":"6.0","platform":1,"uid":10033,"act":4,"loading_time":18,"goods_num":9,"model":"oppo01","acttime":1767243929000,"loading_type":1,"net":0,"xaid":"ab25617-c38910-m33","brand":"oppo","vercode":"35100026"}
{"ver":"3.3.5","display":"1280x800","goods_id":53936407038,"osver":"5.1","platform":1,"uid":10034,"act":2,"model":"xiaomi31","acttime":1767258269000,"location":1,"net":2,"xaid":"ab25617-c38910-m34","brand":"xiaomi","vercode":"35100029"}
{"ver":"3.3.5","display":"1280x800","osver":"5.1","platform":1,"uid":10034,"act":4,"loading_time":140,"goods_num":9,"model":"xiaomi31","acttime":1767258269000,"loading_type":1,"net":2,"xaid":"ab25617-c38910-m34","brand":"xiaomi","vercode":"35100029"}
{"ver":"3.3.5","display":"1280x800","osver":"5.1","platform":1,"ad_status":2,"uid":10034,"act":1,"loading_time":845,"model":"xiaomi31","acttime":1767258269000,"net":2,"xaid":"ab25617-c38910-m34","brand":"xiaomi","vercode":"35100029"}
{"uid":10034,"ver":"3.3.5","act":5,"display":"1280x800","model":"xiaomi31","acttime":1767258269000,"net":2,"xaid":"ab25617-c38910-m34","brand":"xiaomi","osver":"5.1","vercode":"35100029","platform":1}
{"ver":"3.3.6","display":"1334x750","goods_id":100008643298,"osver":"ios12","platform":1,"uid":10035,"act":2,"model":"xiaomi41","acttime":1767262161000,"location":8,"net":4,"xaid":"ab25617-c38910-m35","brand":"xiaomi","vercode":"35100084"}
{"ver":"3.3.6","display":"1334x750","goods_id":33831095056,"osver":"ios12","platform":1,"uid":10035,"act":3,"loading_time":679,"model":"xiaomi41","acttime":1767262161000,"net":4,"xaid":"ab25617-c38910-m35","brand":"xiaomi","vercode":"35100084","stay_time":208}
{"ver":"3.3.6","display":"1334x750","osver":"ios12","platform":1,"uid":10035,"act":4,"loading_time":130,"goods_num":10,"model":"xiaomi41","acttime":1767262161000,"loading_type":1,"net":4,"xaid":"ab25617-c38910-m35","brand":"xiaomi","vercode":"35100084"}
{"ver":"3.3.6","display":"1334x750","goods_id":30717177133,"osver":"ios12","platform":1,"uid":10035,"act":3,"loading_time":835,"model":"xiaomi41","acttime":1767262161000,"net":4,"xaid":"ab25617-c38910-m35","brand":"xiaomi","vercode":"35100084","stay_time":1898}
{"ver":"3.3.4","display":"1920x1080","osver":"win10","platform":3,"uid":10036,"act":4,"loading_time":122,"goods_num":13,"model":"computer","acttime":1767254662000,"loading_type":1,"net":1,"xaid":"","brand":"computer","vercode":"35100032"}
{"ver":"3.3.4","display":"1920x1080","goods_id":100004918021,"osver":"win10","platform":3,"uid":10036,"act":2,"model":"computer","acttime":1767254662000,"location":2,"net":1,"xaid":"","brand":"computer","vercode":"35100032"}
{"ver":"3.3.4","display":"1920x1080","osver":"win10","platform":3,"ad_status":2,"uid":10036,"act":1,"loading_time":288,"model":"computer","acttime":1767254662000,"net":1,"xaid":"","brand":"computer","vercode":"35100032"}
{"ver":"3.3.4","display":"1920x1080","osver":"win10","platform":3,"uid":10036,"act":4,"loading_time":512,"goods_num":8,"model":"computer","acttime":1767254662000,"loading_type":1,"net":1,"xaid":"","brand":"computer","vercode":"35100032"}
{"ver":"3.0.4","display":"1280x800","goods_id":70426599313,"osver":"win10","platform":3,"uid":10037,"act":2,"model":"computer","acttime":1767265525000,"location":8,"net":1,"xaid":"","brand":"computer","vercode":"3510000"}
{"ver":"3.0.4","display":"1280x800","goods_id":10186121876,"osver":"win10","platform":3,"uid":10037,"act":2,"model":"computer","acttime":1767265525000,"location":8,"net":1,"xaid":"","brand":"computer","vercode":"3510000"}
{"uid":10037,"ver":"3.0.4","act":5,"display":"1280x800","model":"computer","acttime":1767265525000,"net":1,"xaid":"","brand":"computer","osver":"win10","vercode":"3510000","platform":3}
{"ver":"3.0.4","display":"1280x800","osver":"win10","platform":3,"uid":10037,"act":4,"loading_time":569,"goods_num":6,"model":"computer","acttime":1767265525000,"loading_type":1,"net":1,"xaid":"","brand":"computer","vercode":"3510000"}
{"ver":"3.0.2","display":"1280x800","osver":"ios12","platform":2,"uid":10038,"act":4,"loading_time":261,"goods_num":11,"model":"iPhone51","acttime":1767254545000,"loading_type":1,"net":3,"xaid":"ab25617-c38910-m38","brand":"iPhone","vercode":"35100077"}
{"ver":"3.0.2","display":"1280x800","goods_id":100008771796,"osver":"ios12","platform":2,"uid":10038,"act":3,"loading_time":853,"model":"iPhone51","acttime":1767254545000,"net":3,"xaid":"ab25617-c38910-m38","brand":"iPhone","vercode":"35100077","stay_time":3175}
{"ver":"3.0.2","display":"1280x800","osver":"ios12","platform":2,"uid":10038,"act":4,"loading_time":400,"goods_num":12,"model":"iPhone51","acttime":1767254545000,"loading_type":2,"net":3,"xaid":"ab25617-c38910-m38","brand":"iPhone","vercode":"35100077"}
{"ver":"3.0.2","display":"1280x800","goods_id":100003003227,"osver":"ios12","platform":2,"uid":10038,"act":2,"model":"iPhone51","acttime":1767254545000,"location":8,"net":3,"xaid":"ab25617-c38910-m38","brand":"iPhone","vercode":"35100077"}
{"ver":"3.0.1","display":"1280x768","osver":"7.1.1","platform":1,"ad_status":1,"uid":10039,"act":1,"loading_time":978,"model":"oppo31","acttime":1767247525000,"net":0,"xaid":"ab25617-c38910-m39","brand":"oppo","vercode":"35100069"}
{"ver":"3.0.1","display":"1280x768","goods_id":66206620324,"osver":"7.1.1","platform":1,"uid":10039,"act":2,"model":"oppo31","acttime":1767247525000,"location":2,"net":0,"xaid":"ab25617-c38910-m39","brand":"oppo","vercode":"35100069"}
{"ver":"3.0.1","display":"1280x768","goods_id":100012372810,"osver":"7.1.1","platform":1,"uid":10039,"act":2,"model":"oppo31","acttime":1767247525000,"location":1,"net":0,"xaid":"ab25617-c38910-m39","brand":"oppo","vercode":"35100069"}
{"ver":"3.0.1","display":"1280x768","goods_id":100006359875,"osver":"7.1.1","platform":1,"uid":10039,"act":3,"loading_time":303,"model":"oppo31","acttime":1767247525000,"net":0,"xaid":"ab25617-c38910-m39","brand":"oppo","vercode":"35100069","stay_time":3949}
{"ver":"3.0.8","display":"1280x768","goods_id":5774607,"osver":"6.0","platform":1,"uid":10040,"act":2,"model":"xiaomi61","acttime":1767265521000,"location":9,"net":0,"xaid":"ab25617-c38910-m40","brand":"xiaomi","vercode":"3510009"}
{"uid":10040,"ver":"3.0.8","act":5,"display":"1280x768","model":"xiaomi61","acttime":1767265521000,"net":0,"xaid":"ab25617-c38910-m40","brand":"xiaomi","osver":"6.0","vercode":"3510009","platform":1}
{"uid":10040,"ver":"3.0.8","act":5,"display":"1280x768","model":"xiaomi61","acttime":1767265521000,"net":0,"xaid":"ab25617-c38910-m40","brand":"xiaomi","osver":"6.0","vercode":"3510009","platform":1}
{"uid":10040,"ver":"3.0.8","act":5,"display":"1280x768","model":"xiaomi61","acttime":1767265521000,"net":0,"xaid":"ab25617-c38910-m40","brand":"xiaomi","osver":"6.0","vercode":"3510009","platform":1}
{"ver":"3.1.4","display":"1920x1080","osver":"6.0","platform":2,"uid":10041,"act":4,"loading_time":165,"goods_num":12,"model":"huawei81","acttime":1767243684000,"loading_type":2,"net":3,"xaid":"ab25617-c38910-m41","brand":"huawei","vercode":"35100013"}
{"uid":10041,"ver":"3.1.4","act":5,"display":"1920x1080","model":"huawei81","acttime":1767243684000,"net":3,"xaid":"ab25617-c38910-m41","brand":"huawei","osver":"6.0","vercode":"35100013","platform":2}
{"ver":"3.1.4","display":"1920x1080","osver":"6.0","platform":2,"uid":10041,"act":4,"loading_time":338,"goods_num":8,"model":"huawei81","acttime":1767243684000,"loading_type":1,"net":3,"xaid":"ab25617-c38910-m41","brand":"huawei","vercode":"35100013"}
{"ver":"3.1.4","display":"1920x1080","goods_id":25803644724,"osver":"6.0","platform":2,"uid":10041,"act":3,"loading_time":529,"model":"huawei81","acttime":1767243684000,"net":3,"xaid":"ab25617-c38910-m41","brand":"huawei","vercode":"35100013","stay_time":1730}
{"ver":"3.3.8","display":"1920x1080","goods_id":100003383325,"osver":"7.1.1","platform":1,"uid":10042,"act":2,"model":"huawei21","acttime":1767236549000,"location":3,"net":4,"xaid":"ab25617-c38910-m42","brand":"huawei","vercode":"35100035"}
{"uid":10042,"ver":"3.3.8","act":5,"display":"1920x1080","model":"huawei21","acttime":1767236549000,"net":4,"xaid":"ab25617-c38910-m42","brand":"huawei","osver":"7.1.1","vercode":"35100035","platform":1}
{"ver":"3.3.8","display":"1920x1080","goods_id":100011529848,"osver":"7.1.1","platform":1,"uid":10042,"act":3,"loading_time":224,"model":"huawei21","acttime":1767236549000,"net":4,"xaid":"ab25617-c38910-m42","brand":"huawei","vercode":"35100035","stay_time":2072}
{"ver":"3.3.8","display":"1920x1080","osver":"7.1.1","platform":1,"uid":10042,"act":4,"loading_time":955,"goods_num":5,"model":"huawei21","acttime":1767236549000,"loading_type":2,"net":4,"xaid":"ab25617-c38910-m42","brand":"huawei","vercode":"35100035"}
{"uid":10043,"ver":"3.4.4","act":5,"display":"1280x768","model":"iPhone21","acttime":1767233303000,"net":2,"xaid":"ab25617-c38910-m43","brand":"iPhone","osver":"ios13","vercode":"35100067","platform":2}
{"ver":"3.4.4","display":"1280x768","goods_id":100007136939,"osver":"ios13","platform":2,"uid":10043,"act":2,"model":"iPhone21","acttime":1767233303000,"location":0,"net":2,"xaid":"ab25617-c38910-m43","brand":"iPhone","vercode":"35100067"}
{"uid":10043,"ver":"3.4.4","act":5,"display":"1280x768","model":"iPhone21","acttime":1767233303000,"net":2,"xaid":"ab25617-c38910-m43","brand":"iPhone","osver":"ios13","vercode":"35100067","platform":2}
{"ver":"3.4.4","display":"1280x768","osver":"ios13","platform":2,"ad_status":2,"uid":10043,"act":1,"loading_time":670,"model":"iPhone21","acttime":1767233303000,"net":2,"xaid":"ab25617-c38910-m43","brand":"iPhone","vercode":"35100067"}
{"ver":"3.2.4","display":"1280x800","osver":"5.1","platform":2,"ad_status":1,"uid":10044,"act":1,"loading_time":339,"model":"xiaomi01","acttime":1767236661000,"net":1,"xaid":"ab25617-c38910-m44","brand":"xiaomi","vercode":"35100038"}
{"uid":10044,"ver":"3.2.4","act":5,"display":"1280x800","model":"xiaomi01","acttime":1767236661000,"net":1,"xaid":"ab25617-c38910-m44","brand":"xiaomi","osver":"5.1","vercode":"35100038","platform":2}
{"ver":"3.2.4","display":"1280x800","goods_id":7586379,"osver":"5.1","platform":2,"uid":10044,"act":3,"loading_time":164,"model":"xiaomi01","acttime":1767236661000,"net":1,"xaid":"ab25617-c38910-m44","brand":"xiaomi","vercode":"35100038","stay_time":4160}
{"uid":10044,"ver":"3.2.4","act":5,"display":"1280x800","model":"xiaomi01","acttime":1767236661000,"net":1,"xaid":"ab25617-c38910-m44","brand":"xiaomi","osver":"5.1","vercode":"35100038","platform":2}
{"ver":"3.3.7","display":"1280x800","osver":"ios13","platform":2,"uid":10045,"act":4,"loading_time":369,"goods_num":13,"model":"xiaomi71","acttime":1767251004000,"loading_type":2,"net":1,"xaid":"ab25617-c38910-m45","brand":"xiaomi","vercode":"35100048"}
{"uid":10045,"ver":"3.3.7","act":5,"display":"1280x800","model":"xiaomi71","acttime":1767251004000,"net":1,"xaid":"ab25617-c38910-m45","brand":"xiaomi","osver":"ios13","vercode":"35100048","platform":2}
{"ver":"3.3.7","display":"1280x800","goods_id":32834483655,"osver":"ios13","platform":2,"uid":10045,"act":2,"model":"xiaomi71","acttime":1767251004000,"location":6,"net":1,"xaid":"ab25617-c38910-m45","brand":"xiaomi","vercode":"35100048"}
{"uid":10045,"ver":"3.3.7","act":5,"display":"1280x800","model":"xiaomi71","acttime":1767251004000,"net":1,"xaid":"ab25617-c38910-m45","brand":"xiaomi","osver":"ios13","vercode":"35100048","platform":2}
{"ver":"3.3.5","display":"1280x800","goods_id":100003337614,"osver":"ios13","platform":2,"uid":10046,"act":3,"loading_time":298,"model":"iPhone31","acttime":1767244160000,"net":0,"xaid":"ab25617-c38910-m46","brand":"iPhone","vercode":"35100047","stay_time":903}
{"uid":10046,"ver":"3.3.5","act":5,"display":"1280x800","model":"iPhone31","acttime":1767244160000,"net":0,"xaid":"ab25617-c38910-m46","brand":"iPhone","osver":"ios13","vercode":"35100047","platform":2}
{"ver":"3.3.5","display":"1280x800","goods_id":100004995386,"osver":"ios13","platform":2,"uid":10046,"act":3,"loading_time":443,"model":"iPhone31","acttime":1767244160000,"net":0,"xaid":"ab25617-c38910-m46","brand":"iPhone","vercode":"35100047","stay_time":3037}
{"ver":"3.3.5","display":"1280x800","osver":"ios13","platform":2,"uid":10046,"act":4,"loading_time":554,"goods_num":6,"model":"iPhone31","acttime":1767244160000,"loading_type":1,"net":0,"xaid":"ab25617-c38910-m46","brand":"iPhone","vercode":"35100047"}
{"ver":"3.2.2","display":"1920x1080","osver":"ios12","platform":2,"uid":10047,"act":4,"loading_time":515,"goods_num":8,"model":"oppo21","acttime":1767265584000,"loading_type":1,"net":3,"xaid":"ab25617-c38910-m47","brand":"oppo","vercode":"35100057"}
{"ver":"3.2.2","display":"1920x1080","goods_id":44093322335,"osver":"ios12","platform":2,"uid":10047,"act":2,"model":"oppo21","acttime":1767265584000,"location":6,"net":3,"xaid":"ab25617-c38910-m47","brand":"oppo","vercode":"35100057"}
{"ver":"3.2.2","display":"1920x1080","osver":"ios12","platform":2,"uid":10047,"act":4,"loading_time":59,"goods_num":7,"model":"oppo21","acttime":1767265584000,"loading_type":2,"net":3,"xaid":"ab25617-c38910-m47","brand":"oppo","vercode":"35100057"}
{"ver":"3.2.2","display":"1920x1080","osver":"ios12","platform":2,"uid":10047,"act":4,"loading_time":871,"goods_num":12,"model":"oppo21","acttime":1767265584000,"loading_type":2,"net":3,"xaid":"ab25617-c38910-m47","brand":"oppo","vercode":"35100057"}
{"ver":"3.0.2","display":"1920x1080","osver":"6.0","platform":2,"ad_status":1,"uid":10048,"act":1,"loading_time":440,"model":"xiaomi41","acttime":1767250947000,"net":5,"xaid":"ab25617-c38910-m48","brand":"xiaomi","vercode":"35100026"}
{"uid":10048,"ver":"3.0.2","act":5,"display":"1920x1080","model":"xiaomi41","acttime":1767250947000,"net":5,"xaid":"ab25617-c38910-m48","brand":"xiaomi","osver":"6.0","vercode":"35100026","platform":2}
{"ver":"3.0.2","display":"1920x1080","osver":"6.0","platform":2,"uid":10048,"act":4,"loading_time":874,"goods_num":12,"model":"xiaomi41","acttime":1767250947000,"loading_type":2,"net":5,"xaid":"ab25617-c38910-m48","brand":"xiaomi","vercode":"35100026"}
{"uid":10048,"ver":"3.0.2","act":5,"display":"1920x1080","model":"xiaomi41","acttime":1767250947000,"net":5,"xaid":"ab25617-c38910-m48","brand":"xiaomi","osver":"6.0","vercode":"35100026","platform":2}
{"uid":10049,"ver":"3.3.7","act":5,"display":"1280x800","model":"huawei01","acttime":1767265282000,"net":1,"xaid":"ab25617-c38910-m49","brand":"huawei","osver":"7.1.1","vercode":"35100028","platform":1}
{"ver":"3.3.7","display":"1280x800","osver":"7.1.1","platform":1,"ad_status":1,"uid":10049,"act":1,"loading_time":889,"model":"huawei01","acttime":1767265282000,"net":1,"xaid":"ab25617-c38910-m49","brand":"huawei","vercode":"35100028"}
{"ver":"3.3.7","display":"1280x800","goods_id":68739677751,"osver":"7.1.1","platform":1,"uid":10049,"act":2,"model":"huawei01","acttime":1767265282000,"location":3,"net":1,"xaid":"ab25617-c38910-m49","brand":"huawei","vercode":"35100028"}
{"uid":10049,"ver":"3.3.7","act":5,"display":"1280x800","model":"huawei01","acttime":1767265282000,"net":1,"xaid":"ab25617-c38910-m49","brand":"huawei","osver":"7.1.1","vercode":"35100028","platform":1}
{"uid":10050,"ver":"3.1.6","act":5,"display":"1334x750","model":"computer","acttime":1767262046000,"net":1,"xaid":"","brand":"computer","osver":"win10","vercode":"35100022","platform":3}
{"ver":"3.1.6","display":"1334x750","osver":"win10","platform":3,"uid":10050,"act":4,"loading_time":615,"goods_num":13,"model":"computer","acttime":1767262046000,"loading_type":2,"net":1,"xaid":"","brand":"computer","vercode":"35100022"}
{"ver":"3.1.6","display":"1334x750","goods_id":41819212650,"osver":"win10","platform":3,"uid":10050,"act":3,"loading_time":293,"model":"computer","acttime":1767262046000,"net":1,"xaid":"","brand":"computer","vercode":"35100022","stay_time":2981}
{"ver":"3.1.6","display":"1334x750","goods_id":8340171,"osver":"win10","platform":3,"uid":10050,"act":2,"model":"computer","acttime":1767262046000,"location":5,"net":1,"xaid":"","brand":"computer","vercode":"35100022"}
{"ver":"3.4.1","display":"1280x768","osver":"ios13","platform":2,"ad_status":2,"uid":10051,"act":1,"loading_time":634,"model":"oppo71","acttime":1767254602000,"net":3,"xaid":"ab25617-c38910-m51","brand":"oppo","vercode":"35100075"}
{"ver":"3.4.1","display":"1280x768","goods_id":100006588143,"osver":"ios13","platform":2,"uid":10051,"act":3,"loading_time":525,"model":"oppo71","acttime":1767254602000,"net":3,"xaid":"ab25617-c38910-m51","brand":"oppo","vercode":"35100075","stay_time":5276}
{"ver":"3.4.1","display":"1280x768","goods_id":59185590102,"osver":"ios13","platform":2,"uid":10051,"act":2,"model":"oppo71","acttime":1767254602000,"location":1,"net":3,"xaid":"ab25617-c38910-m51","brand":"oppo","vercode":"35100075"}
{"ver":"3.4.1","display":"1280x768","osver":"ios13","platform":2,"uid":10051,"act":4,"loading_time":406,"goods_num":14,"model":"oppo71","acttime":1767254602000,"loading_type":1,"net":3,"xaid":"ab25617-c38910-m51","brand":"oppo","vercode":"35100075"}
{"ver":"3.3.4","display":"1280x768","goods_id":7296288,"osver":"ios12","platform":1,"uid":10052,"act":2,"model":"huawei01","acttime":1767254543000,"location":10,"net":1,"xaid":"ab25617-c38910-m52","brand":"huawei","vercode":"35100046"}
{"ver":"3.3.4","display":"1280x768","osver":"ios12","platform":1,"uid":10052,"act":4,"loading_time":763,"goods_num":9,"model":"huawei01","acttime":1767254543000,"loading_type":1,"net":1,"xaid":"ab25617-c38910-m52","brand":"huawei","vercode":"35100046"}
{"ver":"3.3.4","display":"1280x768","osver":"ios12","platform":1,"uid":10052,"act":4,"loading_time":709,"goods_num":13,"model":"huawei01","acttime":1767254543000,"loading_type":1,"net":1,"xaid":"ab25617-c38910-m52","brand":"huawei","vercode":"35100046"}
{"ver":"3.3.4","display":"1280x768","goods_id":100011408390,"osver":"ios12","platform":1,"uid":10052,"act":3,"loading_time":260,"model":"huawei01","acttime":1767254543000,"net":1,"xaid":"ab25617-c38910-m52","brand":"huawei","vercode":"35100046","stay_time":1115}
{"uid":10053,"ver":"3.3.6","act":5,"display":"1280x800","model":"iPhone01","acttime":1767244102000,"net":4,"xaid":"ab25617-c38910-m53","brand":"iPhone","osver":"6.0","vercode":"35100076","platform":1}
{"ver":"3.3.6","display":"1280x800","osver":"6.0","platform":1,"ad_status":1,"uid":10053,"act":1,"loading_time":478,"model":"iPhone01","acttime":1767244102000,"net":4,"xaid":"ab25617-c38910-m53","brand":"iPhone","vercode":"35100076"}
{"ver":"3.3.6","display":"1280x800","osver":"6.0","platform":1,"uid":10053,"act":4,"loading_time":270,"goods_num":10,"model":"iPhone01","acttime":1767244102000,"loading_type":2,"net":4,"xaid":"ab25617-c38910-m53","brand":"iPhone","vercode":"35100076"}
{"uid":10053,"ver":"3.3.6","act":5,"display":"1280x800","model":"iPhone01","acttime":1767244102000,"net":4,"xaid":"ab25617-c38910-m53","brand":"iPhone","osver":"6.0","vercode":"35100076","platform":1}
{"ver":"3.0.1","display":"1920x1080","goods_id":1003837,"osver":"ios12","platform":1,"uid":10054,"act":2,"model":"xiaomi01","acttime":1767250825000,"location":6,"net":1,"xaid":"ab25617-c38910-m54","brand":"xiaomi","vercode":"35100022"}
{"ver":"3.0.1","display":"1920x1080","osver":"ios12","platform":1,"ad_status":2,"uid":10054,"act":1,"loading_time":26,"model":"xiaomi01","acttime":1767250825000,"net":1,"xaid":"ab25617-c38910-m54","brand":"xiaomi","vercode":"35100022"}
{"uid":10054,"ver":"3.0.1","act":5,"display":"1920x1080","model":"xiaomi01","acttime":1767250825000,"net":1,"xaid":"ab25617-c38910-m54","brand":"xiaomi","osver":"ios12","vercode":"35100022","platform":1}
{"ver":"3.0.1","display":"1920x1080","goods_id":5967024,"osver":"ios12","platform":1,"uid":10054,"act":2,"model":"xiaomi01","acttime":1767250825000,"location":10,"net":1,"xaid":"ab25617-c38910-m54","brand":"xiaomi","vercode":"35100022"}
{"ver":"3.0.0","display":"1280x800","osver":"7.1.1","platform":1,"ad_status":2,"uid":10055,"act":1,"loading_time":41,"model":"oppo41","acttime":1767232824000,"net":4,"xaid":"ab25617-c38910-m55","brand":"oppo","vercode":"35100085"}
{"ver":"3.0.0","display":"1280x800","goods_id":100001860763,"osver":"7.1.1","platform":1,"uid":10055,"act":3,"loading_time":574,"model":"oppo41","acttime":1767232824000,"net":4,"xaid":"ab25617-c38910-m55","brand":"oppo","vercode":"35100085","stay_time":3516}
{"uid":10055,"ver":"3.0.0","act":5,"display":"1280x800","model":"oppo41","acttime":1767232824000,"net":4,"xaid":"ab25617-c38910-m55","brand":"oppo","osver":"7.1.1","vercode":"35100085","platform":1}
{"ver":"3.0.0","display":"1280x800","osver":"7.1.1","platform":1,"uid":10055,"act":4,"loading_time":845,"goods_num":5,"model":"oppo41","acttime":1767232824000,"loading_type":2,"net":4,"xaid":"ab25617-c38910-m55","brand":"oppo","vercode":"35100085"}
{"ver":"3.1.8","display":"1920x1080","osver":"5.1","platform":2,"uid":10056,"act":4,"loading_time":369,"goods_num":9,"model":"xiaomi51","acttime":1767265289000,"loading_type":1,"net":4,"xaid":"ab25617-c38910-m56","brand":"xiaomi","vercode":"35100077"}
{"ver":"3.1.8","display":"1920x1080","osver":"5.1","platform":2,"uid":10056,"act":4,"loading_time":680,"goods_num":11,"model":"xiaomi51","acttime":1767265289000,"loading_type":2,"net":4,"xaid":"ab25617-c38910-m56","brand":"xiaomi","vercode":"35100077"}
{"ver":"3.1.8","display":"1920x1080","osver":"5.1","platform":2,"uid":10056,"act":4,"loading_time":954,"goods_num":9,"model":"xiaomi51","acttime":1767265289000,"loading_type":2,"net":4,"xaid":"ab25617-c38910-m56","brand":"xiaomi","vercode":"35100077"}
{"ver":"3.1.8","display":"1920x1080","osver":"5.1","platform":2,"ad_status":2,"uid":10056,"act":1,"loading_time":532,"model":"xiaomi51","acttime":1767265289000,"net":4,"xaid":"ab25617-c38910-m56","brand":"xiaomi","vercode":"35100077"}
{"ver":"3.4.4","display":"1280x768","goods_id":100010816672,"osver":"ios12","platform":1,"uid":10057,"act":2,"model":"iPhone61","acttime":1767254729000,"location":3,"net":5,"xaid":"ab25617-c38910-m57","brand":"iPhone","vercode":"35100076"}
{"ver":"3.4.4","display":"1280x768","osver":"ios12","platform":1,"uid":10057,"act":4,"loading_time":494,"goods_num":9,"model":"iPhone61","acttime":1767254729000,"loading_type":2,"net":5,"xaid":"ab25617-c38910-m57","brand":"iPhone","vercode":"35100076"}
{"ver":"3.4.4","display":"1280x768","osver":"ios12","platform":1,"ad_status":1,"uid":10057,"act":1,"loading_time":127,"model":"iPhone61","acttime":1767254729000,"net":5,"xaid":"ab25617-c38910-m57","brand":"iPhone","vercode":"35100076"}
{"uid":10057,"ver":"3.4.4","act":5,"display":"1280x768","model":"iPhone61","acttime":1767254729000,"net":5,"xaid":"ab25617-c38910-m57","brand":"iPhone","osver":"ios12","vercode":"35100076","platform":1}
{"uid":10058,"ver":"3.4.5","act":5,"display":"1920x1080","model":"iPhone71","acttime":1767258209000,"net":2,"xaid":"ab25617-c38910-m58","brand":"iPhone","osver":"ios12","vercode":"3510008","platform":1}
{"ver":"3.4.5","display":"1920x1080","goods_id":100011242550,"osver":"ios12","platform":1,"uid":10058,"act":2,"model":"iPhone71","acttime":1767258209000,"location":7,"net":2,"xaid":"ab25617-c38910-m58","brand":"iPhone","vercode":"3510008"}
{"uid":10058,"ver":"3.4.5","act":5,"display":"1920x1080","model":"iPhone71","acttime":1767258209000,"net":2,"xaid":"ab25617-c38910-m58","brand":"iPhone","osver":"ios12","vercode":"3510008","platform":1}
{"ver":"3.4.5","display":"1920x1080","osver":"ios12","platform":1,"ad_status":1,"uid":10058,"act":1,"loading_time":121,"model":"iPhone71","acttime":1767258209000,"net":2,"xaid":"ab25617-c38910-m58","brand":"iPhone","vercode":"3510008"}
{"uid":10059,"ver":"3.0.7","act":5,"display":"1280x800","model":"huawei11","acttime":1767261746000,"net":0,"xaid":"ab25617-c38910-m59","brand":"huawei","osver":"ios13","vercode":"35100034","platform":2}
{"ver":"3.0.7","display":"1280x800","osver":"ios13","platform":2,"uid":10059,"act":4,"loading_time":784,"goods_num":12,"model":"huawei11","acttime":1767261746000,"loading_type":1,"net":0,"xaid":"ab25617-c38910-m59","brand":"huawei","vercode":"35100034"}
{"uid":10059,"ver":"3.0.7","act":5,"display":"1280x800","model":"huawei11","acttime":1767261746000,"net":0,"xaid":"ab25617-c38910-m59","brand":"huawei","osver":"ios13","vercode":"35100034","platform":2}
{"ver":"3.0.7","display":"1280x800","goods_id":4843043,"osver":"ios13","platform":2,"uid":10059,"act":2,"model":"huawei11","acttime":1767261746000,"location":5,"net":0,"xaid":"ab25617-c38910-m59","brand":"huawei","vercode":"35100034"}
{"uid":10060,"ver":"3.0.8","act":5,"display":"1280x800","model":"huawei71","acttime":1767236846000,"net":3,"xaid":"ab25617-c38910-m60","brand":"huawei","osver":"ios12","vercode":"35100062","platform":1}
{"ver":"3.0.8","display":"1280x800","osver":"ios12","platform":1,"ad_status":1,"uid":10060,"act":1,"loading_time":294,"model":"huawei71","acttime":1767236846000,"net":3,"xaid":"ab25617-c38910-m60","brand":"huawei","vercode":"35100062"}
{"ver":"3.0.8","display":"1280x800","goods_id":100005929325,"osver":"ios12","platform":1,"uid":10060,"act":2,"model":"huawei71","acttime":1767236846000,"location":2,"net":3,"xaid":"ab25617-c38910-m60","brand":"huawei","vercode":"35100062"}
{"ver":"3.0.8","display":"1280x800","goods_id":6648483,"osver":"ios12","platform":1,"uid":10060,"act":2,"model":"huawei71","acttime":1767236846000,"location":1,"net":3,"xaid":"ab25617-c38910-m60","brand":"huawei","vercode":"35100062"}
{"uid":10061,"ver":"3.0.1","act":5,"display":"1280x800","model":"computer","acttime":1767261746000,"net":1,"xaid":"","brand":"computer","osver":"win10","vercode":"35100069","platform":3}
{"ver":"3.0.1","display":"1280x800","osver":"win10","platform":3,"uid":10061,"act":4,"loading_time":825,"goods_num":13,"model":"computer","acttime":1767261746000,"loading_type":1,"net":1,"xaid":"","brand":"computer","vercode":"35100069"}
{"ver":"3.0.1","display":"1280x800","goods_id":67097689591,"osver":"win10","platform":3,"uid":10061,"act":2,"model":"computer","acttime":1767261746000,"location":6,"net":1,"xaid":"","brand":"computer","vercode":"35100069"}
{"uid":10061,"ver":"3.0.1","act":5,"display":"1280x800","model":"computer","acttime":1767261746000,"net":1,"xaid":"","brand":"computer","osver":"win10","vercode":"35100069","platform":3}
{"ver":"3.1.8","display":"1280x800","goods_id":100012920646,"osver":"5.1","platform":2,"uid":10062,"act":2,"model":"iPhone51","acttime":1767233245000,"location":9,"net":3,"xaid":"ab25617-c38910-m62","brand":"iPhone","vercode":"35100054"}
{"ver":"3.1.8","display":"1280x800","goods_id":100006581268,"osver":"5.1","platform":2,"uid":10062,"act":2,"model":"iPhone51","acttime":1767233245000,"location":8,"net":3,"xaid":"ab25617-c38910-m62","brand":"iPhone","vercode":"35100054"}
{"ver":"3.1.8","display":"1280x800","osver":"5.1","platform":2,"ad_status":2,"uid":10062,"act":1,"loading_time":271,"model":"iPhone51","acttime":1767233245000,"net":3,"xaid":"ab25617-c38910-m62","brand":"iPhone","vercode":"35100054"}
{"ver":"3.1.8","display":"1280x800","osver":"5.1","platform":2,"ad_status":2,"uid":10062,"act":1,"loading_time":605,"model":"iPhone51","acttime":1767233245000,"net":3,"xaid":"ab25617-c38910-m62","brand":"iPhone","vercode":"35100054"}
{"ver":"3.0.2","display":"1280x800","goods_id":34248943623,"osver":"6.0","platform":2,"uid":10063,"act":3,"loading_time":960,"model":"huawei51","acttime":1767236486000,"net":0,"xaid":"ab25617-c38910-m63","brand":"huawei","vercode":"35100029","stay_time":3920}
{"ver":"3.0.2","display":"1280x800","goods_id":6473145,"osver":"6.0","platform":2,"uid":10063,"act":3,"loading_time":606,"model":"huawei51","acttime":1767236486000,"net":0,"xaid":"ab25617-c38910-m63","brand":"huawei","vercode":"35100029","stay_time":896}
{"ver":"3.0.2","display":"1280x800","osver":"6.0","platform":2,"ad_status":2,"uid":10063,"act":1,"loading_time":830,"model":"huawei51","acttime":1767236486000,"net":0,"xaid":"ab25617-c38910-m63","brand":"huawei","vercode":"35100029"}
{"uid":10063,"ver":"3.0.2","act":5,"display":"1280x800","model":"huawei51","acttime":1767236486000,"net":0,"xaid":"ab25617-c38910-m63","brand":"huawei","osver":"6.0","vercode":"35100029","platform":2}
{"ver":"3.2.5","display":"1334x750","osver":"5.1","platform":2,"ad_status":2,"uid":10064,"act":1,"loading_time":960,"model":"iPhone21","acttime":1767254601000,"net":3,"xaid":"ab25617-c38910-m64","brand":"iPhone","vercode":"35100047"}
{"uid":10064,"ver":"3.2.5","act":5,"display":"1334x750","model":"iPhone21","acttime":1767254601000,"net":3,"xaid":"ab25617-c38910-m64","brand":"iPhone","osver":"5.1","vercode":"35100047","platform":2}
{"ver":"3.2.5","display":"1334x750","osver":"5.1","platform":2,"uid":10064,"act":4,"loading_time":589,"goods_num":13,"model":"iPhone21","acttime":1767254601000,"loading_type":2,"net":3,"xaid":"ab25617-c38910-m64","brand":"iPhone","vercode":"35100047"}
{"ver":"3.2.5","display":"1334x750","osver":"5.1","platform":2,"uid":10064,"act":4,"loading_time":739,"goods_num":11,"model":"iPhone21","acttime":1767254601000,"loading_type":2,"net":3,"xaid":"ab25617-c38910-m64","brand":"iPhone","vercode":"35100047"}
{"ver":"3.0.6","display":"1280x768","osver":"7.1.1","platform":2,"uid":10065,"act":4,"loading_time":268,"goods_num":14,"model":"huawei21","acttime":1767240264000,"loading_type":2,"net":2,"xaid":"ab25617-c38910-m65","brand":"huawei","vercode":"35100077"}
{"ver":"3.0.6","display":"1280x768","goods_id":10020003279094,"osver":"7.1.1","platform":2,"uid":10065,"act":2,"model":"huawei21","acttime":1767240264000,"location":2,"net":2,"xaid":"ab25617-c38910-m65","brand":"huawei","vercode":"35100077"}
{"ver":"3.0.6","display":"1280x768","osver":"7.1.1","platform":2,"ad_status":1,"uid":10065,"act":1,"loading_time":646,"model":"huawei21","acttime":1767240264000,"net":2,"xaid":"ab25617-c38910-m65","brand":"huawei","vercode":"35100077"}
{"ver":"3.0.6","display":"1280x768","osver":"7.1.1","platform":2,"uid":10065,"act":4,"loading_time":595,"goods_num":9,"model":"huawei21","acttime":1767240264000,"loading_type":2,"net":2,"xaid":"ab25617-c38910-m65","brand":"huawei","vercode":"35100077"}
{"ver":"3.1.0","display":"1280x800","goods_id":100012340878,"osver":"5.1","platform":2,"uid":10066,"act":3,"loading_time":141,"model":"xiaomi01","acttime":1767261627000,"net":1,"xaid":"ab25617-c38910-m66","brand":"xiaomi","vercode":"3510005","stay_time":5618}
{"uid":10066,"ver":"3.1.0","act":5,"display":"1280x800","model":"xiaomi01","acttime":1767261627000,"net":1,"xaid":"ab25617-c38910-m66","brand":"xiaomi","osver":"5.1","vercode":"3510005","platform":2}
{"ver":"3.1.0","display":"1280x800","goods_id":6353827,"osver":"5.1","platform":2,"uid":10066,"act":3,"loading_time":458,"model":"xiaomi01","acttime":1767261627000,"net":1,"xaid":"ab25617-c38910-m66","brand":"xiaomi","vercode":"3510005","stay_time":4684}
{"uid":10066,"ver":"3.1.0","act":5,"display":"1280x800","model":"xiaomi01","acttime":1767261627000,"net":1,"xaid":"ab25617-c38910-m66","brand":"xiaomi","osver":"5.1","vercode":"3510005","platform":2}
{"uid":10067,"ver":"3.2.4","act":5,"display":"1920x1080","model":"computer","acttime":1767254841000,"net":1,"xaid":"","brand":"computer","osver":"win10","vercode":"35100089","platform":3}
{"ver":"3.2.4","display":"1920x1080","goods_id":100012444290,"osver":"win10","platform":3,"uid":10067,"act":3,"loading_time":492,"model":"computer","acttime":1767254841000,"net":1,"xaid":"","brand":"computer","vercode":"35100089","stay_time":4809}
{"ver":"3.2.4","display":"1920x1080","osver":"win10","platform":3,"uid":10067,"act":4,"loading_time":713,"goods_num":8,"model":"computer","acttime":1767254841000,"loading_type":1,"net":1,"xaid":"","brand":"computer","vercode":"35100089"}
{"ver":"3.2.4","display":"1920x1080","goods_id":15965030470,"osver":"win10","platform":3,"uid":10067,"act":2,"model":"computer","acttime":1767254841000,"location":10,"net":1,"xaid":"","brand":"computer","vercode":"35100089"}
{"ver":"3.3.8","display":"1920x1080","osver":"6.0","platform":1,"uid":10068,"act":4,"loading_time":276,"goods_num":8,"model":"iPhone51","acttime":1767243980000,"loading_type":1,"net":3,"xaid":"ab25617-c38910-m68","brand":"iPhone","vercode":"35100017"}
{"ver":"3.3.8","display":"1920x1080","goods_id":67409402461,"osver":"6.0","platform":1,"uid":10068,"act":3,"loading_time":494,"model":"iPhone51","acttime":1767243980000,"net":3,"xaid":"ab25617-c38910-m68","brand":"iPhone","vercode":"35100017","stay_time":2419}
{"ver":"3.3.8","display":"1920x1080","osver":"6.0","platform":1,"uid":10068,"act":4,"loading_time":937,"goods_num":6,"model":"iPhone51","acttime":1767243980000,"loading_type":2,"net":3,"xaid":"ab25617-c38910-m68","brand":"iPhone","vercode":"35100017"}
{"ver":"3.3.8","display":"1920x1080","goods_id":100005094380,"osver":"6.0","platform":1,"uid":10068,"act":2,"model":"iPhone51","acttime":1767243980000,"location":5,"net":3,"xaid":"ab25617-c38910-m68","brand":"iPhone","vercode":"35100017"}
{"ver":"3.4.8","display":"1280x800","goods_id":100011333796,"osver":"ios12","platform":2,"uid":10069,"act":2,"model":"xiaomi51","acttime":1767236961000,"location":9,"net":2,"xaid":"ab25617-c38910-m69","brand":"xiaomi","vercode":"35100091"}
{"ver":"3.4.8","display":"1280x800","goods_id":48435782050,"osver":"ios12","platform":2,"uid":10069,"act":3,"loading_time":175,"model":"xiaomi51","acttime":1767236961000,"net":2,"xaid":"ab25617-c38910-m69","brand":"xiaomi","vercode":"35100091","stay_time":3793}
{"uid":10069,"ver":"3.4.8","act":5,"display":"1280x800","model":"xiaomi51","acttime":1767236961000,"net":2,"xaid":"ab25617-c38910-m69","brand":"xiaomi","osver":"ios12","vercode":"35100091","platform":2}
{"ver":"3.4.8","display":"1280x800","goods_id":100012179580,"osver":"ios12","platform":2,"uid":10069,"act":2,"model":"xiaomi51","acttime":1767236961000,"location":2,"net":2,"xaid":"ab25617-c38910-m69","brand":"xiaomi","vercode":"35100091"}
{"uid":10070,"ver":"3.4.1","act":5,"display":"1280x800","model":"oppo41","acttime":1767247523000,"net":1,"xaid":"ab25617-c38910-m70","brand":"oppo","osver":"ios12","vercode":"35100039","platform":1}
{"ver":"3.4.1","display":"1280x800","goods_id":100005292057,"osver":"ios12","platform":1,"uid":10070,"act":2,"model":"oppo41","acttime":1767247523000,"location":4,"net":1,"xaid":"ab25617-c38910-m70","brand":"oppo","vercode":"35100039"}
{"ver":"3.4.1","display":"1280x800","osver":"ios12","platform":1,"ad_status":2,"uid":10070,"act":1,"loading_time":354,"model":"oppo41","acttime":1767247523000,"net":1,"xaid":"ab25617-c38910-m70","brand":"oppo","vercode":"35100039"}
{"ver":"3.4.1","display":"1280x800","osver":"ios12","platform":1,"ad_status":1,"uid":10070,"act":1,"loading_time":3,"model":"oppo41","acttime":1767247523000,"net":1,"xaid":"ab25617-c38910-m70","brand":"oppo","vercode":"35100039"}
{"ver":"3.3.0","display":"1334x750","goods_id":100005828289,"osver":"win10","platform":3,"uid":10071,"act":3,"loading_time":301,"model":"computer","acttime":1767236669000,"net":1,"xaid":"","brand":"computer","vercode":"35100059","stay_time":3861}
{"ver":"3.3.0","display":"1334x750","goods_id":100013370832,"osver":"win10","platform":3,"uid":10071,"act":3,"loading_time":300,"model":"computer","acttime":1767236669000,"net":1,"xaid":"","brand":"computer","vercode":"35100059","stay_time":4671}
{"ver":"3.3.0","display":"1334x750","osver":"win10","platform":3,"ad_status":1,"uid":10071,"act":1,"loading_time":653,"model":"computer","acttime":1767236669000,"net":1,"xaid":"","brand":"computer","vercode":"35100059"}
{"uid":10071,"ver":"3.3.0","act":5,"display":"1334x750","model":"computer","acttime":1767236669000,"net":1,"xaid":"","brand":"computer","osver":"win10","vercode":"35100059","platform":3}
{"ver":"3.3.2","display":"1280x768","goods_id":100012975472,"osver":"5.1","platform":1,"uid":10072,"act":3,"loading_time":849,"model":"oppo61","acttime":1767243749000,"net":1,"xaid":"ab25617-c38910-m72","brand":"oppo","vercode":"35100022","stay_time":5992}
{"ver":"3.3.2","display":"1280x768","osver":"5.1","platform":1,"uid":10072,"act":4,"loading_time":414,"goods_num":13,"model":"oppo61","acttime":1767243749000,"loading_type":1,"net":1,"xaid":"ab25617-c38910-m72","brand":"oppo","vercode":"35100022"}
{"ver":"3.3.2","display":"1280x768","osver":"5.1","platform":1,"ad_status":1,"uid":10072,"act":1,"loading_time":342,"model":"oppo61","acttime":1767243749000,"net":1,"xaid":"ab25617-c38910-m72","brand":"oppo","vercode":"35100022"}
{"ver":"3.3.2","display":"1280x768","osver":"5.1","platform":1,"ad_status":1,"uid":10072,"act":1,"loading_time":61,"model":"oppo61","acttime":1767243749000,"net":1,"xaid":"ab25617-c38910-m72","brand":"oppo","vercode":"35100022"}
{"ver":"3.2.8","display":"1334x750","osver":"6.0","platform":1,"ad_status":2,"uid":10073,"act":1,"loading_time":580,"model":"xiaomi01","acttime":1767265581000,"net":1,"xaid":"ab25617-c38910-m73","brand":"xiaomi","vercode":"35100080"}
{"ver":"3.2.8","display":"1334x750","osver":"6.0","platform":1,"ad_status":1,"uid":10073,"act":1,"loading_time":95,"model":"xiaomi01","acttime":1767265581000,"net":1,"xaid":"ab25617-c38910-m73","brand":"xiaomi","vercode":"35100080"}
{"ver":"3.2.8","display":"1334x750","osver":"6.0","platform":1,"uid":10073,"act":4,"loading_time":764,"goods_num":6,"model":"xiaomi01","acttime":1767265581000,"loading_type":1,"net":1,"xaid":"ab25617-c38910-m73","brand":"xiaomi","vercode":"35100080"}
{"ver":"3.2.8","display":"1334x750","osver":"6.0","platform":1,"ad_status":2,"uid":10073,"act":1,"loading_time":976,"model":"xiaomi01","acttime":1767265581000,"net":1,"xaid":"ab25617-c38910-m73","brand":"xiaomi","vercode":"35100080"}
{"ver":"3.2.7","display":"1334x750","osver":"ios12","platform":2,"uid":10074,"act":4,"loading_time":834,"goods_num":11,"model":"oppo81","acttime":1767240502000,"loading_type":1,"net":0,"xaid":"ab25617-c38910-m74","brand":"oppo","vercode":"35100094"}
{"ver":"3.2.7","display":"1334x750","goods_id":41501669712,"osver":"ios12","platform":2,"uid":10074,"act":2,"model":"oppo81","acttime":1767240502000,"location":10,"net":0,"xaid":"ab25617-c38910-m74","brand":"oppo","vercode":"35100094"}
{"ver":"3.2.7","display":"1334x750","osver":"ios12","platform":2,"ad_status":1,"uid":10074,"act":1,"loading_time":152,"model":"oppo81","acttime":1767240502000,"net":0,"xaid":"ab25617-c38910-m74","brand":"oppo","vercode":"35100094"}
{"ver":"3.2.7","display":"1334x750","osver":"ios12","platform":2,"ad_status":1,"uid":10074,"act":1,"loading_time":961,"model":"oppo81","acttime":1767240502000,"net":0,"xaid":"ab25617-c38910-m74","brand":"oppo","vercode":"35100094"}
{"ver":"3.1.4","display":"1920x1080","osver":"ios13","platform":2,"uid":10075,"act":4,"loading_time":181,"goods_num":14,"model":"xiaomi61","acttime":1767236607000,"loading_type":1,"net":5,"xaid":"ab25617-c38910-m75","brand":"xiaomi","vercode":"35100068"}
{"ver":"3.1.4","display":"1920x1080","osver":"ios13","platform":2,"uid":10075,"act":4,"loading_time":808,"goods_num":5,"model":"xiaomi61","acttime":1767236607000,"loading_type":2,"net":5,"xaid":"ab25617-c38910-m75","brand":"xiaomi","vercode":"35100068"}
{"uid":10075,"ver":"3.1.4","act":5,"display":"1920x1080","model":"xiaomi61","acttime":1767236607000,"net":5,"xaid":"ab25617-c38910-m75","brand":"xiaomi","osver":"ios13","vercode":"35100068","platform":2}
{"uid":10075,"ver":"3.1.4","act":5,"display":"1920x1080","model":"xiaomi61","acttime":1767236607000,"net":5,"xaid":"ab25617-c38910-m75","brand":"xiaomi","osver":"ios13","vercode":"35100068","platform":2}
{"ver":"3.0.0","display":"1280x768","goods_id":65981597362,"osver":"win10","platform":3,"uid":10076,"act":2,"model":"computer","acttime":1767261860000,"location":6,"net":1,"xaid":"","brand":"computer","vercode":"35100051"}
{"ver":"3.0.0","display":"1280x768","goods_id":55040300849,"osver":"win10","platform":3,"uid":10076,"act":3,"loading_time":775,"model":"computer","acttime":1767261860000,"net":1,"xaid":"","brand":"computer","vercode":"35100051","stay_time":4616}
{"ver":"3.0.0","display":"1280x768","osver":"win10","platform":3,"uid":10076,"act":4,"loading_time":667,"goods_num":12,"model":"computer","acttime":1767261860000,"loading_type":2,"net":1,"xaid":"","brand":"computer","vercode":"35100051"}
{"uid":10076,"ver":"3.0.0","act":5,"display":"1280x768","model":"computer","acttime":1767261860000,"net":1,"xaid":"","brand":"computer","osver":"win10","vercode":"35100051","platform":3}
{"ver":"3.3.2","display":"1280x768","osver":"ios12","platform":2,"ad_status":2,"uid":10077,"act":1,"loading_time":2,"model":"oppo61","acttime":1767233005000,"net":4,"xaid":"ab25617-c38910-m77","brand":"oppo","vercode":"35100014"}
{"ver":"3.3.2","display":"1280x768","goods_id":100005729525,"osver":"ios12","platform":2,"uid":10077,"act":2,"model":"oppo61","acttime":1767233005000,"location":6,"net":4,"xaid":"ab25617-c38910-m77","brand":"oppo","vercode":"35100014"}
{"ver":"3.3.2","display":"1280x768","osver":"ios12","platform":2,"ad_status":1,"uid":10077,"act":1,"loading_time":430,"model":"oppo61","acttime":1767233005000,"net":4,"xaid":"ab25617-c38910-m77","brand":"oppo","vercode":"35100014"}
{"ver":"3.3.2","display":"1280x768","osver":"ios12","platform":2,"uid":10077,"act":4,"loading_time":774,"goods_num":9,"model":"oppo61","acttime":1767233005000,"loading_type":1,"net":4,"xaid":"ab25617-c38910-m77","brand":"oppo","vercode":"35100014"}
{"uid":10078,"ver":"3.0.8","act":5,"display":"1334x750","model":"oppo41","acttime":1767258389000,"net":3,"xaid":"ab25617-c38910-m78","brand":"oppo","osver":"5.1","vercode":"35100063","platform":1}
{"ver":"3.0.8","display":"1334x750","osver":"5.1","platform":1,"uid":10078,"act":4,"loading_time":766,"goods_num":11,"model":"oppo41","acttime":1767258389000,"loading_type":1,"net":3,"xaid":"ab25617-c38910-m78","brand":"oppo","vercode":"35100063"}
{"uid":10078,"ver":"3.0.8","act":5,"display":"1334x750","model":"oppo41","acttime":1767258389000,"net":3,"xaid":"ab25617-c38910-m78","brand":"oppo","osver":"5.1","vercode":"35100063","platform":1}
{"ver":"3.0.8","display":"1334x750","goods_id":100007043753,"osver":"5.1","platform":1,"uid":10078,"act":3,"loading_time":671,"model":"oppo41","acttime":1767258389000,"net":3,"xaid":"ab25617-c38910-m78","brand":"oppo","vercode":"35100063","stay_time":1386}
{"ver":"3.1.8","display":"1280x768","osver":"ios12","platform":2,"uid":10079,"act":4,"loading_time":266,"goods_num":14,"model":"iPhone01","acttime":1767254607000,"loading_type":1,"net":5,"xaid":"ab25617-c38910-m79","brand":"iPhone","vercode":"35100041"}
{"uid":10079,"ver":"3.1.8","act":5,"display":"1280x768","model":"iPhone01","acttime":1767254607000,"net":5,"xaid":"ab25617-c38910-m79","brand":"iPhone","osver":"ios12","vercode":"35100041","platform":2}
{"ver":"3.1.8","display":"1280x768","osver":"ios12","platform":2,"ad_status":1,"uid":10079,"act":1,"loading_time":577,"model":"iPhone01","acttime":1767254607000,"net":5,"xaid":"ab25617-c38910-m79","brand":"iPhone","vercode":"35100041"}
{"ver":"3.1.8","display":"1280x768","osver":"ios12","platform":2,"uid":10079,"act":4,"loading_time":479,"goods_num":11,"model":"iPhone01","acttime":1767254607000,"loading_type":2,"net":5,"xaid":"ab25617-c38910-m79","brand":"iPhone","vercode":"35100041"}
{"ver":"3.3.1","display":"1280x768","osver":"7.1.1","platform":1,"ad_status":2,"uid":10080,"act":1,"loading_time":982,"model":"huawei61","acttime":1767254842000,"net":1,"xaid":"ab25617-c38910-m80","brand":"huawei","vercode":"35100040"}
{"ver":"3.3.1","display":"1280x768","osver":"7.1.1","platform":1,"uid":10080,"act":4,"loading_time":720,"goods_num":14,"model":"huawei61","acttime":1767254842000,"loading_type":1,"net":1,"xaid":"ab25617-c38910-m80","brand":"huawei","vercode":"35100040"}
{"ver":"3.3.1","display":"1280x768","goods_id":100013291032,"osver":"7.1.1","platform":1,"uid":10080,"act":2,"model":"huawei61","acttime":1767254842000,"location":1,"net":1,"xaid":"ab25617-c38910-m80","brand":"huawei","vercode":"35100040"}
{"ver":"3.3.1","display":"1280x768","osver":"7.1.1","platform":1,"uid":10080,"act":4,"loading_time":914,"goods_num":14,"model":"huawei61","acttime":1767254842000,"loading_type":1,"net":1,"xaid":"ab25617-c38910-m80","brand":"huawei","vercode":"35100040"}
{"ver":"3.0.6","display":"1280x768","goods_id":100013370832,"osver":"win10","platform":3,"uid":10081,"act":2,"model":"computer","acttime":1767236786000,"location":5,"net":1,"xaid":"","brand":"computer","vercode":"35100077"}
{"ver":"3.0.6","display":"1280x768","osver":"win10","platform":3,"ad_status":2,"uid":10081,"act":1,"loading_time":72,"model":"computer","acttime":1767236786000,"net":1,"xaid":"","brand":"computer","vercode":"35100077"}
{"ver":"3.0.6","display":"1280x768","goods_id":100006679327,"osver":"win10","platform":3,"uid":10081,"act":3,"loading_time":431,"model":"computer","acttime":1767236786000,"net":1,"xaid":"","brand":"computer","vercode":"35100077","stay_time":4240}
{"ver":"3.0.6","display":"1280x768","osver":"win10","platform":3,"ad_status":2,"uid":10081,"act":1,"loading_time":182,"model":"computer","acttime":1767236786000,"net":1,"xaid":"","brand":"computer","vercode":"35100077"}
{"ver":"3.1.2","display":"1920x1080","goods_id":100004105127,"osver":"win10","platform":3,"uid":10082,"act":2,"model":"computer","acttime":1767258383000,"location":8,"net":1,"xaid":"","brand":"computer","vercode":"35100046"}
{"ver":"3.1.2","display":"1920x1080","goods_id":100007045421,"osver":"win10","platform":3,"uid":10082,"act":3,"loading_time":640,"model":"computer","acttime":1767258383000,"net":1,"xaid":"","brand":"computer","vercode":"35100046","stay_time":3037}
{"ver":"3.1.2","display":"1920x1080","goods_id":100000376244,"osver":"win10","platform":3,"uid":10082,"act":3,"loading_time":29,"model":"computer","acttime":1767258383000,"net":1,"xaid":"","brand":"computer","vercode":"35100046","stay_time":4003}
{"ver":"3.1.2","display":"1920x1080","osver":"win10","platform":3,"ad_status":1,"uid":10082,"act":1,"loading_time":709,"model":"computer","acttime":1767258383000,"net":1,"xaid":"","brand":"computer","vercode":"35100046"}
{"ver":"3.0.3","display":"1280x800","osver":"win10","platform":3,"uid":10083,"act":4,"loading_time":49,"goods_num":9,"model":"computer","acttime":1767251242000,"loading_type":1,"net":1,"xaid":"","brand":"computer","vercode":"35100013"}
{"ver":"3.0.3","display":"1280x800","osver":"win10","platform":3,"uid":10083,"act":4,"loading_time":797,"goods_num":9,"model":"computer","acttime":1767251242000,"loading_type":1,"net":1,"xaid":"","brand":"computer","vercode":"35100013"}
{"ver":"3.0.3","display":"1280x800","osver":"win10","platform":3,"uid":10083,"act":4,"loading_time":638,"goods_num":12,"model":"computer","acttime":1767251242000,"loading_type":1,"net":1,"xaid":"","brand":"computer","vercode":"35100013"}
{"ver":"3.0.3","display":"1280x800","goods_id":100003525289,"osver":"win10","platform":3,"uid":10083,"act":3,"loading_time":684,"model":"computer","acttime":1767251242000,"net":1,"xaid":"","brand":"computer","vercode":"35100013","stay_time":1525}
{"ver":"3.4.1","display":"1280x768","osver":"6.0","platform":1,"uid":10084,"act":4,"loading_time":673,"goods_num":5,"model":"huawei01","acttime":1767261929000,"loading_type":1,"net":0,"xaid":"ab25617-c38910-m84","brand":"huawei","vercode":"35100050"}
{"uid":10084,"ver":"3.4.1","act":5,"display":"1280x768","model":"huawei01","acttime":1767261929000,"net":0,"xaid":"ab25617-c38910-m84","brand":"huawei","osver":"6.0","vercode":"35100050","platform":1}
{"uid":10084,"ver":"3.4.1","act":5,"display":"1280x768","model":"huawei01","acttime":1767261929000,"net":0,"xaid":"ab25617-c38910-m84","brand":"huawei","osver":"6.0","vercode":"35100050","platform":1}
{"ver":"3.4.1","display":"1280x768","goods_id":69922904077,"osver":"6.0","platform":1,"uid":10084,"act":2,"model":"huawei01","acttime":1767261929000,"location":4,"net":0,"xaid":"ab25617-c38910-m84","brand":"huawei","vercode":"35100050"}
{"ver":"3.4.3","display":"1280x800","goods_id":100006015302,"osver":"6.0","platform":2,"uid":10085,"act":3,"loading_time":573,"model":"xiaomi51","acttime":1767265404000,"net":5,"xaid":"ab25617-c38910-m85","brand":"xiaomi","vercode":"35100090","stay_time":1561}
{"uid":10085,"ver":"3.4.3","act":5,"display":"1280x800","model":"xiaomi51","acttime":1767265404000,"net":5,"xaid":"ab25617-c38910-m85","brand":"xiaomi","osver":"6.0","vercode":"35100090","platform":2}
{"uid":10085,"ver":"3.4.3","act":5,"display":"1280x800","model":"xiaomi51","acttime":1767265404000,"net":5,"xaid":"ab25617-c38910-m85","brand":"xiaomi","osver":"6.0","vercode":"35100090","platform":2}
{"ver":"3.4.3","display":"1280x800","goods_id":100010338196,"osver":"6.0","platform":2,"uid":10085,"act":3,"loading_time":948,"model":"xiaomi51","acttime":1767265404000,"net":5,"xaid":"ab25617-c38910-m85","brand":"xiaomi","vercode":"35100090","stay_time":3480}
{"uid":10086,"ver":"3.4.3","act":5,"display":"1920x1080","model":"computer","acttime":1767251120000,"net":1,"xaid":"","brand":"computer","osver":"win10","vercode":"35100087","platform":3}
{"ver":"3.4.3","display":"1920x1080","osver":"win10","platform":3,"ad_status":2,"uid":10086,"act":1,"loading_time":166,"model":"computer","acttime":1767251120000,"net":1,"xaid":"","brand":"computer","vercode":"35100087"}
{"ver":"3.4.3","display":"1920x1080","osver":"win10","platform":3,"uid":10086,"act":4,"loading_time":470,"goods_num":5,"model":"computer","acttime":1767251120000,"loading_type":1,"net":1,"xaid":"","brand":"computer","vercode":"35100087"}
{"ver":"3.4.3","display":"1920x1080","osver":"win10","platform":3,"uid":10086,"act":4,"loading_time":928,"goods_num":11,"model":"computer","acttime":1767251120000,"loading_type":2,"net":1,"xaid":"","brand":"computer","vercode":"35100087"}
{"ver":"3.0.5","display":"1920x1080","osver":"win10","platform":3,"ad_status":2,"uid":10087,"act":1,"loading_time":327,"model":"computer","acttime":1767254428000,"net":1,"xaid":"","brand":"computer","vercode":"35100029"}
{"ver":"3.0.5","display":"1920x1080","osver":"win10","platform":3,"ad_status":1,"uid":10087,"act":1,"loading_time":317,"model":"computer","acttime":1767254428000,"net":1,"xaid":"","brand":"computer","vercode":"35100029"}
{"ver":"3.0.5","display":"1920x1080","osver":"win10","platform":3,"ad_status":2,"uid":10087,"act":1,"loading_time":462,"model":"computer","acttime":1767254428000,"net":1,"xaid":"","brand":"computer","vercode":"35100029"}
{"uid":10087,"ver":"3.0.5","act":5,"display":"1920x1080","model":"computer","acttime":1767254428000,"net":1,"xaid":"","brand":"computer","osver":"win10","vercode":"35100029","platform":3}
{"ver":"3.3.4","display":"1920x1080","osver":"7.1.1","platform":1,"uid":10088,"act":4,"loading_time":753,"goods_num":10,"model":"huawei21","acttime":1767265706000,"loading_type":1,"net":3,"xaid":"ab25617-c38910-m88","brand":"huawei","vercode":"3510006"}
{"ver":"3.3.4","display":"1920x1080","goods_id":100013273406,"osver":"7.1.1","platform":1,"uid":10088,"act":3,"loading_time":563,"model":"huawei21","acttime":1767265706000,"net":3,"xaid":"ab25617-c38910-m88","brand":"huawei","vercode":"3510006","stay_time":3892}
{"ver":"3.3.4","display":"1920x1080","goods_id":4963013,"osver":"7.1.1","platform":1,"uid":10088,"act":2,"model":"huawei21","acttime":1767265706000,"location":6,"net":3,"xaid":"ab25617-c38910-m88","brand":"huawei","vercode":"3510006"}
{"uid":10088,"ver":"3.3.4","act":5,"display":"1920x1080","model":"huawei21","acttime":1767265706000,"net":3,"xaid":"ab25617-c38910-m88","brand":"huawei","osver":"7.1.1","vercode":"3510006","platform":1}
{"uid":10089,"ver":"3.2.1","act":5,"display":"1334x750","model":"iPhone31","acttime":1767265346000,"net":1,"xaid":"ab25617-c38910-m89","brand":"iPhone","osver":"6.0","vercode":"35100014","platform":1}
{"uid":10089,"ver":"3.2.1","act":5,"display":"1334x750","model":"iPhone31","acttime":1767265346000,"net":1,"xaid":"ab25617-c38910-m89","brand":"iPhone","osver":"6.0","vercode":"35100014","platform":1}
{"ver":"3.2.1","display":"1334x750","osver":"6.0","platform":1,"ad_status":2,"uid":10089,"act":1,"loading_time":745,"model":"iPhone31","acttime":1767265346000,"net":1,"xaid":"ab25617-c38910-m89","brand":"iPhone","vercode":"35100014"}
{"ver":"3.2.1","display":"1334x750","osver":"6.0","platform":1,"uid":10089,"act":4,"loading_time":959,"goods_num":14,"model":"iPhone31","acttime":1767265346000,"loading_type":1,"net":1,"xaid":"ab25617-c38910-m89","brand":"iPhone","vercode":"35100014"}
{"ver":"3.1.0","display":"1280x800","goods_id":100005579472,"osver":"ios13","platform":1,"uid":10090,"act":3,"loading_time":707,"model":"huawei31","acttime":1767236847000,"net":1,"xaid":"ab25617-c38910-m90","brand":"huawei","vercode":"3510002","stay_time":871}
{"ver":"3.1.0","display":"1280x800","osver":"ios13","platform":1,"uid":10090,"act":4,"loading_time":466,"goods_num":9,"model":"huawei31","acttime":1767236847000,"loading_type":2,"net":1,"xaid":"ab25617-c38910-m90","brand":"huawei","vercode":"3510002"}
{"ver":"3.1.0","display":"1280x800","goods_id":100006771395,"osver":"ios13","platform":1,"uid":10090,"act":3,"loading_time":721,"model":"huawei31","acttime":1767236847000,"net":1,"xaid":"ab25617-c38910-m90","brand":"huawei","vercode":"3510002","stay_time":5619}
{"ver":"3.1.0","display":"1280x800","goods_id":7296288,"osver":"ios13","platform":1,"uid":10090,"act":2,"model":"huawei31","acttime":1767236847000,"location":0,"net":1,"xaid":"ab25617-c38910-m90","brand":"huawei","vercode":"3510002"}
{"ver":"3.3.0","display":"1334x750","goods_id":100012950554,"osver":"win10","platform":3,"uid":10091,"act":3,"loading_time":413,"model":"computer","acttime":1767236606000,"net":1,"xaid":"","brand":"computer","vercode":"35100021","stay_time":2971}
{"ver":"3.3.0","display":"1334x750","goods_id":100012881714,"osver":"win10","platform":3,"uid":10091,"act":2,"model":"computer","acttime":1767236606000,"location":1,"net":1,"xaid":"","brand":"computer","vercode":"35100021"}
{"ver":"3.3.0","display":"1334x750","osver":"win10","platform":3,"ad_status":1,"uid":10091,"act":1,"loading_time":253,"model":"computer","acttime":1767236606000,"net":1,"xaid":"","brand":"computer","vercode":"35100021"}
{"ver":"3.3.0","display":"1334x750","goods_id":100012950554,"osver":"win10","platform":3,"uid":10091,"act":2,"model":"computer","acttime":1767236606000,"location":6,"net":1,"xaid":"","brand":"computer","vercode":"35100021"}
{"ver":"3.0.3","display":"1280x800","goods_id":100004918021,"osver":"win10","platform":3,"uid":10092,"act":2,"model":"computer","acttime":1767243985000,"location":3,"net":1,"xaid":"","brand":"computer","vercode":"35100067"}
{"ver":"3.0.3","display":"1280x800","osver":"win10","platform":3,"uid":10092,"act":4,"loading_time":764,"goods_num":8,"model":"computer","acttime":1767243985000,"loading_type":1,"net":1,"xaid":"","brand":"computer","vercode":"35100067"}
{"ver":"3.0.3","display":"1280x800","goods_id":100012545852,"osver":"win10","platform":3,"uid":10092,"act":2,"model":"computer","acttime":1767243985000,"location":5,"net":1,"xaid":"","brand":"computer","vercode":"35100067"}
{"ver":"3.0.3","display":"1280x800","osver":"win10","platform":3,"ad_status":1,"uid":10092,"act":1,"loading_time":690,"model":"computer","acttime":1767243985000,"net":1,"xaid":"","brand":"computer","vercode":"35100067"}
{"uid":10093,"ver":"3.3.5","act":5,"display":"1920x1080","model":"oppo51","acttime":1767243620000,"net":3,"xaid":"ab25617-c38910-m93","brand":"oppo","osver":"7.1.1","vercode":"3510000","platform":1}
{"uid":10093,"ver":"3.3.5","act":5,"display":"1920x1080","model":"oppo51","acttime":1767243620000,"net":3,"xaid":"ab25617-c38910-m93","brand":"oppo","osver":"7.1.1","vercode":"3510000","platform":1}
{"uid":10093,"ver":"3.3.5","act":5,"display":"1920x1080","model":"oppo51","acttime":1767243620000,"net":3,"xaid":"ab25617-c38910-m93","brand":"oppo","osver":"7.1.1","vercode":"3510000","platform":1}
{"ver":"3.3.5","display":"1920x1080","goods_id":100013273404,"osver":"7.1.1","platform":1,"uid":10093,"act":2,"model":"oppo51","acttime":1767243620000,"location":1,"net":3,"xaid":"ab25617-c38910-m93","brand":"oppo","vercode":"3510000"}
{"ver":"3.2.6","display":"1280x768","osver":"7.1.1","platform":1,"ad_status":1,"uid":10094,"act":1,"loading_time":967,"model":"huawei41","acttime":1767233240000,"net":0,"xaid":"ab25617-c38910-m94","brand":"huawei","vercode":"35100048"}
{"ver":"3.2.6","display":"1280x768","osver":"7.1.1","platform":1,"ad_status":2,"uid":10094,"act":1,"loading_time":824,"model":"huawei41","acttime":1767233240000,"net":0,"xaid":"ab25617-c38910-m94","brand":"huawei","vercode":"35100048"}
{"ver":"3.2.6","display":"1280x768","osver":"7.1.1","platform":1,"uid":10094,"act":4,"loading_time":668,"goods_num":5,"model":"huawei41","acttime":1767233240000,"loading_type":2,"net":0,"xaid":"ab25617-c38910-m94","brand":"huawei","vercode":"35100048"}
{"ver":"3.2.6","display":"1280x768","osver":"7.1.1","platform":1,"ad_status":2,"uid":10094,"act":1,"loading_time":946,"model":"huawei41","acttime":1767233240000,"net":0,"xaid":"ab25617-c38910-m94","brand":"huawei","vercode":"35100048"}
{"ver":"3.3.6","display":"1334x750","goods_id":53635942010,"osver":"5.1","platform":2,"uid":10095,"act":3,"loading_time":30,"model":"iPhone41","acttime":1767244109000,"net":4,"xaid":"ab25617-c38910-m95","brand":"iPhone","vercode":"35100022","stay_time":4748}
{"ver":"3.3.6","display":"1334x750","goods_id":100012920618,"osver":"5.1","platform":2,"uid":10095,"act":2,"model":"iPhone41","acttime":1767244109000,"location":4,"net":4,"xaid":"ab25617-c38910-m95","brand":"iPhone","vercode":"35100022"}
{"uid":10095,"ver":"3.3.6","act":5,"display":"1334x750","model":"iPhone41","acttime":1767244109000,"net":4,"xaid":"ab25617-c38910-m95","brand":"iPhone","osver":"5.1","vercode":"35100022","platform":2}
{"ver":"3.3.6","display":"1334x750","osver":"5.1","platform":2,"ad_status":1,"uid":10095,"act":1,"loading_time":980,"model":"iPhone41","acttime":1767244109000,"net":4,"xaid":"ab25617-c38910-m95","brand":"iPhone","vercode":"35100022"}
{"ver":"3.2.5","display":"1280x768","goods_id":6069862,"osver":"ios13","platform":1,"uid":10096,"act":2,"model":"oppo31","acttime":1767265529000,"location":4,"net":4,"xaid":"ab25617-c38910-m96","brand":"oppo","vercode":"35100067"}
{"ver":"3.2.5","display":"1280x768","goods_id":100011242550,"osver":"ios13","platform":1,"uid":10096,"act":2,"model":"oppo31","acttime":1767265529000,"location":8,"net":4,"xaid":"ab25617-c38910-m96","brand":"oppo","vercode":"35100067"}
{"ver":"3.2.5","display":"1280x768","goods_id":100010137694,"osver":"ios13","platform":1,"uid":10096,"act":3,"loading_time":679,"model":"oppo31","acttime":1767265529000,"net":4,"xaid":"ab25617-c38910-m96","brand":"oppo","vercode":"35100067","stay_time":629}
{"uid":10096,"ver":"3.2.5","act":5,"display":"1280x768","model":"oppo31","acttime":1767265529000,"net":4,"xaid":"ab25617-c38910-m96","brand":"oppo","osver":"ios13","vercode":"35100067","platform":1}
{"uid":10097,"ver":"3.1.5","act":5,"display":"1334x750","model":"oppo71","acttime":1767247645000,"net":2,"xaid":"ab25617-c38910-m97","brand":"oppo","osver":"6.0","vercode":"35100052","platform":2}
{"ver":"3.1.5","display":"1334x750","osver":"6.0","platform":2,"uid":10097,"act":4,"loading_time":632,"goods_num":11,"model":"oppo71","acttime":1767247645000,"loading_type":2,"net":2,"xaid":"ab25617-c38910-m97","brand":"oppo","vercode":"35100052"}
{"ver":"3.1.5","display":"1334x750","goods_id":30634034579,"osver":"6.0","platform":2,"uid":10097,"act":3,"loading_time":598,"model":"oppo71","acttime":1767247645000,"net":2,"xaid":"ab25617-c38910-m97","brand":"oppo","vercode":"35100052","stay_time":3926}
{"uid":10097,"ver":"3.1.5","act":5,"display":"1334x750","model":"oppo71","acttime":1767247645000,"net":2,"xaid":"ab25617-c38910-m97","brand":"oppo","osver":"6.0","vercode":"35100052","platform":2}
{"ver":"3.1.6","display":"1280x800","osver":"ios12","platform":2,"ad_status":1,"uid":10098,"act":1,"loading_time":387,"model":"iPhone41","acttime":1767254722000,"net":4,"xaid":"ab25617-c38910-m98","brand":"iPhone","vercode":"35100025"}
{"uid":10098,"ver":"3.1.6","act":5,"display":"1280x800","model":"iPhone41","acttime":1767254722000,"net":4,"xaid":"ab25617-c38910-m98","brand":"iPhone","osver":"ios12","vercode":"35100025","platform":2}
{"uid":10098,"ver":"3.1.6","act":5,"display":"1280x800","model":"iPhone41","acttime":1767254722000,"net":4,"xaid":"ab25617-c38910-m98","brand":"iPhone","osver":"ios12","vercode":"35100025","platform":2}
{"ver":"3.1.6","display":"1280x800","goods_id":100005182618,"osver":"ios12","platform":2,"uid":10098,"act":3,"loading_time":120,"model":"iPhone41","acttime":1767254722000,"net":4,"xaid":"ab25617-c38910-m98","brand":"iPhone","vercode":"35100025","stay_time":1925}
{"ver":"3.4.7","display":"1920x1080","goods_id":1796625366,"osver":"win10","platform":3,"uid":10099,"act":3,"loading_time":248,"model":"computer","acttime":1767261622000,"net":1,"xaid":"","brand":"computer","vercode":"35100076","stay_time":5168}
{"uid":10099,"ver":"3.4.7","act":5,"display":"1920x1080","model":"computer","acttime":1767261622000,"net":1,"xaid":"","brand":"computer","osver":"win10","vercode":"35100076","platform":3}
{"uid":10099,"ver":"3.4.7","act":5,"display":"1920x1080","model":"computer","acttime":1767261622000,"net":1,"xaid":"","brand":"computer","osver":"win10","vercode":"35100076","platform":3}
{"uid":10099,"ver":"3.4.7","act":5,"display":"1920x1080","model":"computer","acttime":1767261622000,"net":1,"xaid":"","brand":"computer","osver":"win10","vercode":"35100076","platform":3}
